21:55:41.347 [main] DEBUG reversi.Main - Main elindult.
21:55:41.351 [main] DEBUG reversi.Vezerlo - Konstruktor meghíva.
21:55:41.351 [main] DEBUG reversi.Table - konstruktor meghívva.
21:55:41.352 [main] DEBUG reversi.Main - Vezerlo objektunk létrehozva.
21:55:41.352 [main] DEBUG reversi.Vezerlo - Play metódus meghíva.
21:55:41.356 [main] DEBUG reversi.Table - getTable metódus meghívva.
21:55:41.356 [main] DEBUG reversi.Vezerlo - vegeE metódus meghívva.
21:55:41.356 [main] DEBUG reversi.Vezerlo - lehetLepesek metódus meghíva.
21:55:41.357 [main] DEBUG reversi.Vezerlo - ts halmaz létrehozva.
21:55:41.357 [main] DEBUG reversi.Vezerlo - Részhalmaz előálítása.
21:55:41.357 [main] DEBUG reversi.Bejar - metódus meghívása metörtént.
21:55:41.357 [main] DEBUG reversi.Bejar - vizsgál metódus meghívása megtörtént.
21:55:41.357 [main] DEBUG reversi.Bejar - vizsgál metódus meghívása megtörtént.
21:55:41.357 [main] DEBUG reversi.Bejar - vizsgál metódus meghívása megtörtént.
21:55:41.357 [main] DEBUG reversi.Bejar - vizsgál metódus meghívása megtörtént.
21:55:41.358 [main] DEBUG reversi.Bejar - vizsgál metódus meghívása megtörtént.
21:55:41.358 [main] DEBUG reversi.Bejar - vizsgál metódus meghívása megtörtént.
21:55:41.358 [main] DEBUG reversi.Bejar - vizsgál metódus meghívása megtörtént.
21:55:41.358 [main] DEBUG reversi.Bejar - vizsgál metódus meghívása megtörtént.
21:55:41.358 [main] DEBUG reversi.Bejar - vizsgál metódus meghívása megtörtént.
21:55:41.358 [main] DEBUG reversi.Bejar - vizsgál metódus meghívása megtörtént.
21:55:41.358 [main] DEBUG reversi.Bejar - vizsgál metódus meghívása megtörtént.
21:55:41.358 [main] DEBUG reversi.Bejar - vizsgál metódus meghívása megtörtént.
21:55:41.358 [main] DEBUG reversi.Bejar - vizsgál metódus meghívása megtörtént.
21:55:41.358 [main] DEBUG reversi.Bejar - vizsgál metódus meghívása megtörtént.
21:55:41.358 [main] DEBUG reversi.Bejar - vizsgál metódus meghívása megtörtént.
21:55:41.358 [main] DEBUG reversi.Bejar - vizsgál metódus meghívása megtörtént.
21:55:41.358 [main] DEBUG reversi.Bejar - vizsgál metódus meghívása megtörtént.
21:55:41.358 [main] DEBUG reversi.Bejar - vizsgál metódus meghívása megtörtént.
21:55:41.358 [main] DEBUG reversi.Bejar - vizsgál metódus meghívása megtörtént.
21:55:41.358 [main] DEBUG reversi.Bejar - vizsgál metódus meghívása megtörtént.
21:55:41.358 [main] DEBUG reversi.Bejar - vizsgál metódus meghívása megtörtént.
21:55:41.359 [main] DEBUG reversi.Bejar - vizsgál metódus meghívása megtörtént.
21:55:41.359 [main] DEBUG reversi.Bejar - vizsgál metódus meghívása megtörtént.
21:55:41.359 [main] DEBUG reversi.Bejar - vizsgál metódus meghívása megtörtént.
21:55:41.359 [main] DEBUG reversi.Bejar - vizsgál metódus meghívása megtörtént.
21:55:41.359 [main] DEBUG reversi.Bejar - vizsgál metódus meghívása megtörtént.
21:55:41.359 [main] DEBUG reversi.Bejar - vizsgál metódus meghívása megtörtént.
21:55:41.359 [main] DEBUG reversi.Bejar - vizsgál metódus meghívása megtörtént.
21:55:41.359 [main] DEBUG reversi.Bejar - vizsgál metódus meghívása megtörtént.
21:55:41.359 [main] DEBUG reversi.Bejar - vizsgál metódus meghívása megtörtént.
21:55:41.359 [main] DEBUG reversi.Bejar - vizsgál metódus meghívása megtörtént.
21:55:41.359 [main] DEBUG reversi.Bejar - vizsgál metódus meghívása megtörtént.
21:55:41.359 [main] DEBUG reversi.Bejar - vizsgál metódus meghívása megtörtént.
21:55:41.359 [main] DEBUG reversi.Bejar - vizsgál metódus meghívása megtörtént.
21:55:41.359 [main] DEBUG reversi.Bejar - vizsgál metódus meghívása megtörtént.
21:55:41.359 [main] DEBUG reversi.Bejar - vizsgál metódus meghívása megtörtént.
21:55:41.359 [main] DEBUG reversi.Bejar - vizsgál metódus meghívása megtörtént.
21:55:41.359 [main] DEBUG reversi.Bejar - vizsgál metódus meghívása megtörtént.
21:55:41.360 [main] DEBUG reversi.Bejar - vizsgál metódus meghívása megtörtént.
21:55:41.360 [main] DEBUG reversi.Bejar - vizsgál metódus meghívása megtörtént.
21:55:41.360 [main] DEBUG reversi.Bejar - vizsgál metódus meghívása megtörtént.
21:55:41.360 [main] DEBUG reversi.Bejar - vizsgál metódus meghívása megtörtént.
21:55:41.360 [main] DEBUG reversi.Bejar - vizsgál metódus meghívása megtörtént.
21:55:41.360 [main] DEBUG reversi.Bejar - vizsgál metódus meghívása megtörtént.
21:55:41.360 [main] DEBUG reversi.Bejar - vizsgál metódus meghívása megtörtént.
21:55:41.360 [main] DEBUG reversi.Bejar - vizsgál metódus meghívása megtörtént.
21:55:41.360 [main] DEBUG reversi.Bejar - vizsgál metódus meghívása megtörtént.
21:55:41.360 [main] DEBUG reversi.Bejar - vizsgál metódus meghívása megtörtént.
21:55:41.360 [main] DEBUG reversi.Bejar - vizsgál metódus meghívása megtörtént.
21:55:41.360 [main] DEBUG reversi.Bejar - vizsgál metódus meghívása megtörtént.
21:55:41.360 [main] DEBUG reversi.Bejar - vizsgál metódus meghívása megtörtént.
21:55:41.360 [main] DEBUG reversi.Bejar - vizsgál metódus meghívása megtörtént.
21:55:41.360 [main] DEBUG reversi.Bejar - vizsgál metódus meghívása megtörtént.
21:55:41.360 [main] DEBUG reversi.Bejar - vizsgál metódus meghívása megtörtént.
21:55:41.361 [main] DEBUG reversi.Bejar - vizsgál metódus meghívása megtörtént.
21:55:41.361 [main] DEBUG reversi.Bejar - vizsgál metódus meghívása megtörtént.
21:55:41.361 [main] DEBUG reversi.Bejar - vizsgál metódus meghívása megtörtént.
21:55:41.361 [main] DEBUG reversi.Bejar - vizsgál metódus meghívása megtörtént.
21:55:41.361 [main] DEBUG reversi.Vezerlo - Részhalmaz előálítása.
21:55:41.361 [main] DEBUG reversi.Bejar - metódus meghívása metörtént.
21:55:41.361 [main] DEBUG reversi.Bejar - vizsgál metódus meghívása megtörtént.
21:55:41.361 [main] DEBUG reversi.Bejar - vizsgál metódus meghívása megtörtént.
21:55:41.361 [main] DEBUG reversi.Bejar - vizsgál metódus meghívása megtörtént.
21:55:41.361 [main] DEBUG reversi.Bejar - vizsgál metódus meghívása megtörtént.
21:55:41.361 [main] DEBUG reversi.Bejar - vizsgál metódus meghívása megtörtént.
21:55:41.361 [main] DEBUG reversi.Bejar - vizsgál metódus meghívása megtörtént.
21:55:41.361 [main] DEBUG reversi.Bejar - vizsgál metódus meghívása megtörtént.
21:55:41.361 [main] DEBUG reversi.Bejar - vizsgál metódus meghívása megtörtént.
21:55:41.361 [main] DEBUG reversi.Bejar - vizsgál metódus meghívása megtörtént.
21:55:41.361 [main] DEBUG reversi.Bejar - vizsgál metódus meghívása megtörtént.
21:55:41.362 [main] DEBUG reversi.Bejar - vizsgál metódus meghívása megtörtént.
21:55:41.362 [main] DEBUG reversi.Bejar - vizsgál metódus meghívása megtörtént.
21:55:41.362 [main] DEBUG reversi.Bejar - vizsgál metódus meghívása megtörtént.
21:55:41.362 [main] DEBUG reversi.Bejar - vizsgál metódus meghívása megtörtént.
21:55:41.362 [main] DEBUG reversi.Bejar - vizsgál metódus meghívása megtörtént.
21:55:41.362 [main] DEBUG reversi.Bejar - vizsgál metódus meghívása megtörtént.
21:55:41.362 [main] DEBUG reversi.Bejar - vizsgál metódus meghívása megtörtént.
21:55:41.362 [main] DEBUG reversi.Bejar - vizsgál metódus meghívása megtörtént.
21:55:41.362 [main] DEBUG reversi.Bejar - vizsgál metódus meghívása megtörtént.
21:55:41.362 [main] DEBUG reversi.Bejar - vizsgál metódus meghívása megtörtént.
21:55:41.362 [main] DEBUG reversi.Bejar - vizsgál metódus meghívása megtörtént.
21:55:41.362 [main] DEBUG reversi.Bejar - vizsgál metódus meghívása megtörtént.
21:55:41.362 [main] DEBUG reversi.Bejar - vizsgál metódus meghívása megtörtént.
21:55:41.362 [main] DEBUG reversi.Bejar - vizsgál metódus meghívása megtörtént.
21:55:41.362 [main] DEBUG reversi.Bejar - vizsgál metódus meghívása megtörtént.
21:55:41.362 [main] DEBUG reversi.Bejar - vizsgál metódus meghívása megtörtént.
21:55:41.362 [main] DEBUG reversi.Bejar - vizsgál metódus meghívása megtörtént.
21:55:41.363 [main] DEBUG reversi.Bejar - vizsgál metódus meghívása megtörtént.
21:55:41.363 [main] DEBUG reversi.Bejar - vizsgál metódus meghívása megtörtént.
21:55:41.363 [main] DEBUG reversi.Bejar - vizsgál metódus meghívása megtörtént.
21:55:41.363 [main] DEBUG reversi.Bejar - vizsgál metódus meghívása megtörtént.
21:55:41.363 [main] DEBUG reversi.Bejar - vizsgál metódus meghívása megtörtént.
21:55:41.363 [main] DEBUG reversi.Bejar - vizsgál metódus meghívása megtörtént.
21:55:41.363 [main] DEBUG reversi.Bejar - vizsgál metódus meghívása megtörtént.
21:55:41.363 [main] DEBUG reversi.Bejar - vizsgál metódus meghívása megtörtént.
21:55:41.363 [main] DEBUG reversi.Bejar - vizsgál metódus meghívása megtörtént.
21:55:41.363 [main] DEBUG reversi.Bejar - vizsgál metódus meghívása megtörtént.
21:55:41.363 [main] DEBUG reversi.Bejar - vizsgál metódus meghívása megtörtént.
21:55:41.364 [main] DEBUG reversi.Kordinata - konstruktor meghívva.
21:55:41.364 [main] DEBUG reversi.Bejar - vizsgál metódus meghívása megtörtént.
21:55:41.364 [main] DEBUG reversi.Bejar - vizsgál metódus meghívása megtörtént.
21:55:41.364 [main] DEBUG reversi.Bejar - vizsgál metódus meghívása megtörtént.
21:55:41.364 [main] DEBUG reversi.Bejar - vizsgál metódus meghívása megtörtént.
21:55:41.364 [main] DEBUG reversi.Bejar - vizsgál metódus meghívása megtörtént.
21:55:41.364 [main] DEBUG reversi.Bejar - vizsgál metódus meghívása megtörtént.
21:55:41.364 [main] DEBUG reversi.Bejar - vizsgál metódus meghívása megtörtént.
21:55:41.364 [main] DEBUG reversi.Bejar - vizsgál metódus meghívása megtörtént.
21:55:41.364 [main] DEBUG reversi.Bejar - vizsgál metódus meghívása megtörtént.
21:55:41.364 [main] DEBUG reversi.Bejar - vizsgál metódus meghívása megtörtént.
21:55:41.364 [main] DEBUG reversi.Bejar - vizsgál metódus meghívása megtörtént.
21:55:41.364 [main] DEBUG reversi.Bejar - vizsgál metódus meghívása megtörtént.
21:55:41.364 [main] DEBUG reversi.Bejar - vizsgál metódus meghívása megtörtént.
21:55:41.364 [main] DEBUG reversi.Bejar - vizsgál metódus meghívása megtörtént.
21:55:41.365 [main] DEBUG reversi.Bejar - vizsgál metódus meghívása megtörtént.
21:55:41.365 [main] DEBUG reversi.Bejar - vizsgál metódus meghívása megtörtént.
21:55:41.365 [main] DEBUG reversi.Bejar - vizsgál metódus meghívása megtörtént.
21:55:41.365 [main] DEBUG reversi.Bejar - vizsgál metódus meghívása megtörtént.
21:55:41.365 [main] DEBUG reversi.Bejar - vizsgál metódus meghívása megtörtént.
21:55:41.365 [main] DEBUG reversi.Bejar - vizsgál metódus meghívása megtörtént.
21:55:41.365 [main] DEBUG reversi.Bejar - vizsgál metódus meghívása megtörtént.
21:55:41.365 [main] DEBUG reversi.Bejar - vizsgál metódus meghívása megtörtént.
21:55:41.365 [main] DEBUG reversi.Bejar - vizsgál metódus meghívása megtörtént.
21:55:41.365 [main] DEBUG reversi.Bejar - vizsgál metódus meghívása megtörtént.
21:55:41.365 [main] DEBUG reversi.Bejar - vizsgál metódus meghívása megtörtént.
21:55:41.365 [main] DEBUG reversi.Bejar - vizsgál metódus meghívása megtörtént.
21:55:41.365 [main] DEBUG reversi.Vezerlo - Részhalmaz előálítása.
21:55:41.365 [main] DEBUG reversi.Bejar - metódus meghívása metörtént.
21:55:41.365 [main] DEBUG reversi.Bejar - vizsgál metódus meghívása megtörtént.
21:55:41.365 [main] DEBUG reversi.Bejar - vizsgál metódus meghívása megtörtént.
21:55:41.366 [main] DEBUG reversi.Bejar - vizsgál metódus meghívása megtörtént.
21:55:41.366 [main] DEBUG reversi.Bejar - vizsgál metódus meghívása megtörtént.
21:55:41.366 [main] DEBUG reversi.Bejar - vizsgál metódus meghívása megtörtént.
21:55:41.366 [main] DEBUG reversi.Bejar - vizsgál metódus meghívása megtörtént.
21:55:41.366 [main] DEBUG reversi.Bejar - vizsgál metódus meghívása megtörtént.
21:55:41.366 [main] DEBUG reversi.Bejar - vizsgál metódus meghívása megtörtént.
21:55:41.366 [main] DEBUG reversi.Bejar - vizsgál metódus meghívása megtörtént.
21:55:41.366 [main] DEBUG reversi.Bejar - vizsgál metódus meghívása megtörtént.
21:55:41.366 [main] DEBUG reversi.Bejar - vizsgál metódus meghívása megtörtént.
21:55:41.366 [main] DEBUG reversi.Bejar - vizsgál metódus meghívása megtörtént.
21:55:41.366 [main] DEBUG reversi.Bejar - vizsgál metódus meghívása megtörtént.
21:55:41.366 [main] DEBUG reversi.Bejar - vizsgál metódus meghívása megtörtént.
21:55:41.366 [main] DEBUG reversi.Bejar - vizsgál metódus meghívása megtörtént.
21:55:41.366 [main] DEBUG reversi.Bejar - vizsgál metódus meghívása megtörtént.
21:55:41.366 [main] DEBUG reversi.Bejar - vizsgál metódus meghívása megtörtént.
21:55:41.366 [main] DEBUG reversi.Bejar - vizsgál metódus meghívása megtörtént.
21:55:41.366 [main] DEBUG reversi.Bejar - vizsgál metódus meghívása megtörtént.
21:55:41.366 [main] DEBUG reversi.Bejar - vizsgál metódus meghívása megtörtént.
21:55:41.367 [main] DEBUG reversi.Bejar - vizsgál metódus meghívása megtörtént.
21:55:41.367 [main] DEBUG reversi.Bejar - vizsgál metódus meghívása megtörtént.
21:55:41.367 [main] DEBUG reversi.Bejar - vizsgál metódus meghívása megtörtént.
21:55:41.367 [main] DEBUG reversi.Bejar - vizsgál metódus meghívása megtörtént.
21:55:41.367 [main] DEBUG reversi.Bejar - vizsgál metódus meghívása megtörtént.
21:55:41.367 [main] DEBUG reversi.Bejar - vizsgál metódus meghívása megtörtént.
21:55:41.367 [main] DEBUG reversi.Bejar - vizsgál metódus meghívása megtörtént.
21:55:41.367 [main] DEBUG reversi.Bejar - vizsgál metódus meghívása megtörtént.
21:55:41.367 [main] DEBUG reversi.Bejar - vizsgál metódus meghívása megtörtént.
21:55:41.367 [main] DEBUG reversi.Bejar - vizsgál metódus meghívása megtörtént.
21:55:41.367 [main] DEBUG reversi.Bejar - vizsgál metódus meghívása megtörtént.
21:55:41.367 [main] DEBUG reversi.Bejar - vizsgál metódus meghívása megtörtént.
21:55:41.367 [main] DEBUG reversi.Bejar - vizsgál metódus meghívása megtörtént.
21:55:41.367 [main] DEBUG reversi.Bejar - vizsgál metódus meghívása megtörtént.
21:55:41.367 [main] DEBUG reversi.Bejar - vizsgál metódus meghívása megtörtént.
21:55:41.367 [main] DEBUG reversi.Bejar - vizsgál metódus meghívása megtörtént.
21:55:41.367 [main] DEBUG reversi.Bejar - vizsgál metódus meghívása megtörtént.
21:55:41.368 [main] DEBUG reversi.Bejar - vizsgál metódus meghívása megtörtént.
21:55:41.368 [main] DEBUG reversi.Bejar - vizsgál metódus meghívása megtörtént.
21:55:41.368 [main] DEBUG reversi.Bejar - vizsgál metódus meghívása megtörtént.
21:55:41.368 [main] DEBUG reversi.Bejar - vizsgál metódus meghívása megtörtént.
21:55:41.368 [main] DEBUG reversi.Bejar - vizsgál metódus meghívása megtörtént.
21:55:41.368 [main] DEBUG reversi.Bejar - vizsgál metódus meghívása megtörtént.
21:55:41.368 [main] DEBUG reversi.Bejar - vizsgál metódus meghívása megtörtént.
21:55:41.368 [main] DEBUG reversi.Bejar - vizsgál metódus meghívása megtörtént.
21:55:41.368 [main] DEBUG reversi.Bejar - vizsgál metódus meghívása megtörtént.
21:55:41.368 [main] DEBUG reversi.Bejar - vizsgál metódus meghívása megtörtént.
21:55:41.368 [main] DEBUG reversi.Bejar - vizsgál metódus meghívása megtörtént.
21:55:41.368 [main] DEBUG reversi.Bejar - vizsgál metódus meghívása megtörtént.
21:55:41.368 [main] DEBUG reversi.Bejar - vizsgál metódus meghívása megtörtént.
21:55:41.368 [main] DEBUG reversi.Bejar - vizsgál metódus meghívása megtörtént.
21:55:41.368 [main] DEBUG reversi.Bejar - vizsgál metódus meghívása megtörtént.
21:55:41.368 [main] DEBUG reversi.Bejar - vizsgál metódus meghívása megtörtént.
21:55:41.368 [main] DEBUG reversi.Bejar - vizsgál metódus meghívása megtörtént.
21:55:41.369 [main] DEBUG reversi.Bejar - vizsgál metódus meghívása megtörtént.
21:55:41.369 [main] DEBUG reversi.Bejar - vizsgál metódus meghívása megtörtént.
21:55:41.369 [main] DEBUG reversi.Bejar - vizsgál metódus meghívása megtörtént.
21:55:41.369 [main] DEBUG reversi.Bejar - vizsgál metódus meghívása megtörtént.
21:55:41.369 [main] DEBUG reversi.Vezerlo - Részhalmaz előálítása.
21:55:41.369 [main] DEBUG reversi.Bejar - metódus meghívása metörtént.
21:55:41.369 [main] DEBUG reversi.Bejar - vizsgál metódus meghívása megtörtént.
21:55:41.369 [main] DEBUG reversi.Bejar - vizsgál metódus meghívása megtörtént.
21:55:41.369 [main] DEBUG reversi.Bejar - vizsgál metódus meghívása megtörtént.
21:55:41.369 [main] DEBUG reversi.Bejar - vizsgál metódus meghívása megtörtént.
21:55:41.369 [main] DEBUG reversi.Bejar - vizsgál metódus meghívása megtörtént.
21:55:41.369 [main] DEBUG reversi.Bejar - vizsgál metódus meghívása megtörtént.
21:55:41.369 [main] DEBUG reversi.Bejar - vizsgál metódus meghívása megtörtént.
21:55:41.369 [main] DEBUG reversi.Bejar - vizsgál metódus meghívása megtörtént.
21:55:41.369 [main] DEBUG reversi.Bejar - vizsgál metódus meghívása megtörtént.
21:55:41.369 [main] DEBUG reversi.Bejar - vizsgál metódus meghívása megtörtént.
21:55:41.369 [main] DEBUG reversi.Bejar - vizsgál metódus meghívása megtörtént.
21:55:41.370 [main] DEBUG reversi.Bejar - vizsgál metódus meghívása megtörtént.
21:55:41.370 [main] DEBUG reversi.Bejar - vizsgál metódus meghívása megtörtént.
21:55:41.370 [main] DEBUG reversi.Bejar - vizsgál metódus meghívása megtörtént.
21:55:41.370 [main] DEBUG reversi.Bejar - vizsgál metódus meghívása megtörtént.
21:55:41.370 [main] DEBUG reversi.Bejar - vizsgál metódus meghívása megtörtént.
21:55:41.370 [main] DEBUG reversi.Bejar - vizsgál metódus meghívása megtörtént.
21:55:41.370 [main] DEBUG reversi.Bejar - vizsgál metódus meghívása megtörtént.
21:55:41.370 [main] DEBUG reversi.Bejar - vizsgál metódus meghívása megtörtént.
21:55:41.370 [main] DEBUG reversi.Bejar - vizsgál metódus meghívása megtörtént.
21:55:41.370 [main] DEBUG reversi.Bejar - vizsgál metódus meghívása megtörtént.
21:55:41.370 [main] DEBUG reversi.Bejar - vizsgál metódus meghívása megtörtént.
21:55:41.370 [main] DEBUG reversi.Bejar - vizsgál metódus meghívása megtörtént.
21:55:41.370 [main] DEBUG reversi.Bejar - vizsgál metódus meghívása megtörtént.
21:55:41.370 [main] DEBUG reversi.Bejar - vizsgál metódus meghívása megtörtént.
21:55:41.370 [main] DEBUG reversi.Bejar - vizsgál metódus meghívása megtörtént.
21:55:41.370 [main] DEBUG reversi.Bejar - vizsgál metódus meghívása megtörtént.
21:55:41.370 [main] DEBUG reversi.Bejar - vizsgál metódus meghívása megtörtént.
21:55:41.370 [main] DEBUG reversi.Bejar - vizsgál metódus meghívása megtörtént.
21:55:41.371 [main] DEBUG reversi.Bejar - vizsgál metódus meghívása megtörtént.
21:55:41.371 [main] DEBUG reversi.Bejar - vizsgál metódus meghívása megtörtént.
21:55:41.371 [main] DEBUG reversi.Bejar - vizsgál metódus meghívása megtörtént.
21:55:41.371 [main] DEBUG reversi.Bejar - vizsgál metódus meghívása megtörtént.
21:55:41.371 [main] DEBUG reversi.Bejar - vizsgál metódus meghívása megtörtént.
21:55:41.371 [main] DEBUG reversi.Bejar - vizsgál metódus meghívása megtörtént.
21:55:41.371 [main] DEBUG reversi.Bejar - vizsgál metódus meghívása megtörtént.
21:55:41.371 [main] DEBUG reversi.Bejar - vizsgál metódus meghívása megtörtént.
21:55:41.371 [main] DEBUG reversi.Bejar - vizsgál metódus meghívása megtörtént.
21:55:41.371 [main] DEBUG reversi.Kordinata - konstruktor meghívva.
21:55:41.371 [main] DEBUG reversi.Bejar - vizsgál metódus meghívása megtörtént.
21:55:41.371 [main] DEBUG reversi.Bejar - vizsgál metódus meghívása megtörtént.
21:55:41.371 [main] DEBUG reversi.Bejar - vizsgál metódus meghívása megtörtént.
21:55:41.371 [main] DEBUG reversi.Bejar - vizsgál metódus meghívása megtörtént.
21:55:41.371 [main] DEBUG reversi.Bejar - vizsgál metódus meghívása megtörtént.
21:55:41.371 [main] DEBUG reversi.Bejar - vizsgál metódus meghívása megtörtént.
21:55:41.372 [main] DEBUG reversi.Bejar - vizsgál metódus meghívása megtörtént.
21:55:41.372 [main] DEBUG reversi.Bejar - vizsgál metódus meghívása megtörtént.
21:55:41.372 [main] DEBUG reversi.Bejar - vizsgál metódus meghívása megtörtént.
21:55:41.372 [main] DEBUG reversi.Bejar - vizsgál metódus meghívása megtörtént.
21:55:41.372 [main] DEBUG reversi.Bejar - vizsgál metódus meghívása megtörtént.
21:55:41.372 [main] DEBUG reversi.Bejar - vizsgál metódus meghívása megtörtént.
21:55:41.372 [main] DEBUG reversi.Bejar - vizsgál metódus meghívása megtörtént.
21:55:41.372 [main] DEBUG reversi.Bejar - vizsgál metódus meghívása megtörtént.
21:55:41.372 [main] DEBUG reversi.Bejar - vizsgál metódus meghívása megtörtént.
21:55:41.372 [main] DEBUG reversi.Bejar - vizsgál metódus meghívása megtörtént.
21:55:41.372 [main] DEBUG reversi.Bejar - vizsgál metódus meghívása megtörtént.
21:55:41.372 [main] DEBUG reversi.Bejar - vizsgál metódus meghívása megtörtént.
21:55:41.372 [main] DEBUG reversi.Bejar - vizsgál metódus meghívása megtörtént.
21:55:41.372 [main] DEBUG reversi.Bejar - vizsgál metódus meghívása megtörtént.
21:55:41.372 [main] DEBUG reversi.Bejar - vizsgál metódus meghívása megtörtént.
21:55:41.372 [main] DEBUG reversi.Bejar - vizsgál metódus meghívása megtörtént.
21:55:41.373 [main] DEBUG reversi.Bejar - vizsgál metódus meghívása megtörtént.
21:55:41.373 [main] DEBUG reversi.Bejar - vizsgál metódus meghívása megtörtént.
21:55:41.373 [main] DEBUG reversi.Bejar - vizsgál metódus meghívása megtörtént.
21:55:41.373 [main] DEBUG reversi.Bejar - vizsgál metódus meghívása megtörtént.
21:55:41.373 [main] DEBUG reversi.Vezerlo - Részhalmaz előálítása.
21:55:41.373 [main] DEBUG reversi.Bejar - metódus meghívása metörtént.
21:55:41.373 [main] DEBUG reversi.Bejar - vizsgál metódus meghívása megtörtént.
21:55:41.373 [main] DEBUG reversi.Bejar - vizsgál metódus meghívása megtörtént.
21:55:41.373 [main] DEBUG reversi.Bejar - vizsgál metódus meghívása megtörtént.
21:55:41.373 [main] DEBUG reversi.Bejar - vizsgál metódus meghívása megtörtént.
21:55:41.373 [main] DEBUG reversi.Bejar - vizsgál metódus meghívása megtörtént.
21:55:41.373 [main] DEBUG reversi.Bejar - vizsgál metódus meghívása megtörtént.
21:55:41.373 [main] DEBUG reversi.Bejar - vizsgál metódus meghívása megtörtént.
21:55:41.373 [main] DEBUG reversi.Bejar - vizsgál metódus meghívása megtörtént.
21:55:41.373 [main] DEBUG reversi.Bejar - vizsgál metódus meghívása megtörtént.
21:55:41.373 [main] DEBUG reversi.Bejar - vizsgál metódus meghívása megtörtént.
21:55:41.373 [main] DEBUG reversi.Bejar - vizsgál metódus meghívása megtörtént.
21:55:41.374 [main] DEBUG reversi.Bejar - vizsgál metódus meghívása megtörtént.
21:55:41.374 [main] DEBUG reversi.Bejar - vizsgál metódus meghívása megtörtént.
21:55:41.374 [main] DEBUG reversi.Bejar - vizsgál metódus meghívása megtörtént.
21:55:41.374 [main] DEBUG reversi.Bejar - vizsgál metódus meghívása megtörtént.
21:55:41.374 [main] DEBUG reversi.Bejar - vizsgál metódus meghívása megtörtént.
21:55:41.374 [main] DEBUG reversi.Bejar - vizsgál metódus meghívása megtörtént.
21:55:41.374 [main] DEBUG reversi.Bejar - vizsgál metódus meghívása megtörtént.
21:55:41.374 [main] DEBUG reversi.Bejar - vizsgál metódus meghívása megtörtént.
21:55:41.374 [main] DEBUG reversi.Bejar - vizsgál metódus meghívása megtörtént.
21:55:41.374 [main] DEBUG reversi.Bejar - vizsgál metódus meghívása megtörtént.
21:55:41.374 [main] DEBUG reversi.Bejar - vizsgál metódus meghívása megtörtént.
21:55:41.374 [main] DEBUG reversi.Bejar - vizsgál metódus meghívása megtörtént.
21:55:41.374 [main] DEBUG reversi.Bejar - vizsgál metódus meghívása megtörtént.
21:55:41.374 [main] DEBUG reversi.Bejar - vizsgál metódus meghívása megtörtént.
21:55:41.374 [main] DEBUG reversi.Bejar - vizsgál metódus meghívása megtörtént.
21:55:41.374 [main] DEBUG reversi.Bejar - vizsgál metódus meghívása megtörtént.
21:55:41.374 [main] DEBUG reversi.Bejar - vizsgál metódus meghívása megtörtént.
21:55:41.375 [main] DEBUG reversi.Bejar - vizsgál metódus meghívása megtörtént.
21:55:41.375 [main] DEBUG reversi.Bejar - vizsgál metódus meghívása megtörtént.
21:55:41.375 [main] DEBUG reversi.Kordinata - konstruktor meghívva.
21:55:41.375 [main] DEBUG reversi.Bejar - vizsgál metódus meghívása megtörtént.
21:55:41.375 [main] DEBUG reversi.Bejar - vizsgál metódus meghívása megtörtént.
21:55:41.375 [main] DEBUG reversi.Bejar - vizsgál metódus meghívása megtörtént.
21:55:41.375 [main] DEBUG reversi.Bejar - vizsgál metódus meghívása megtörtént.
21:55:41.375 [main] DEBUG reversi.Bejar - vizsgál metódus meghívása megtörtént.
21:55:41.375 [main] DEBUG reversi.Bejar - vizsgál metódus meghívása megtörtént.
21:55:41.375 [main] DEBUG reversi.Bejar - vizsgál metódus meghívása megtörtént.
21:55:41.375 [main] DEBUG reversi.Bejar - vizsgál metódus meghívása megtörtént.
21:55:41.375 [main] DEBUG reversi.Bejar - vizsgál metódus meghívása megtörtént.
21:55:41.375 [main] DEBUG reversi.Bejar - vizsgál metódus meghívása megtörtént.
21:55:41.375 [main] DEBUG reversi.Bejar - vizsgál metódus meghívása megtörtént.
21:55:41.375 [main] DEBUG reversi.Bejar - vizsgál metódus meghívása megtörtént.
21:55:41.375 [main] DEBUG reversi.Bejar - vizsgál metódus meghívása megtörtént.
21:55:41.375 [main] DEBUG reversi.Bejar - vizsgál metódus meghívása megtörtént.
21:55:41.376 [main] DEBUG reversi.Bejar - vizsgál metódus meghívása megtörtént.
21:55:41.376 [main] DEBUG reversi.Bejar - vizsgál metódus meghívása megtörtént.
21:55:41.376 [main] DEBUG reversi.Bejar - vizsgál metódus meghívása megtörtént.
21:55:41.376 [main] DEBUG reversi.Bejar - vizsgál metódus meghívása megtörtént.
21:55:41.376 [main] DEBUG reversi.Bejar - vizsgál metódus meghívása megtörtént.
21:55:41.376 [main] DEBUG reversi.Bejar - vizsgál metódus meghívása megtörtént.
21:55:41.376 [main] DEBUG reversi.Bejar - vizsgál metódus meghívása megtörtént.
21:55:41.376 [main] DEBUG reversi.Bejar - vizsgál metódus meghívása megtörtént.
21:55:41.376 [main] DEBUG reversi.Bejar - vizsgál metódus meghívása megtörtént.
21:55:41.376 [main] DEBUG reversi.Bejar - vizsgál metódus meghívása megtörtént.
21:55:41.376 [main] DEBUG reversi.Bejar - vizsgál metódus meghívása megtörtént.
21:55:41.376 [main] DEBUG reversi.Bejar - vizsgál metódus meghívása megtörtént.
21:55:41.376 [main] DEBUG reversi.Bejar - vizsgál metódus meghívása megtörtént.
21:55:41.376 [main] DEBUG reversi.Bejar - vizsgál metódus meghívása megtörtént.
21:55:41.376 [main] DEBUG reversi.Bejar - vizsgál metódus meghívása megtörtént.
21:55:41.376 [main] DEBUG reversi.Bejar - vizsgál metódus meghívása megtörtént.
21:55:41.377 [main] DEBUG reversi.Bejar - vizsgál metódus meghívása megtörtént.
21:55:41.377 [main] DEBUG reversi.Bejar - vizsgál metódus meghívása megtörtént.
21:55:41.377 [main] DEBUG reversi.Bejar - vizsgál metódus meghívása megtörtént.
21:55:41.377 [main] DEBUG reversi.Bejar - vizsgál metódus meghívása megtörtént.
21:55:41.377 [main] DEBUG reversi.Vezerlo - Részhalmaz előálítása.
21:55:41.377 [main] DEBUG reversi.Bejar - metódus meghívása metörtént.
21:55:41.377 [main] DEBUG reversi.Bejar - vizsgál metódus meghívása megtörtént.
21:55:41.377 [main] DEBUG reversi.Bejar - vizsgál metódus meghívása megtörtént.
21:55:41.377 [main] DEBUG reversi.Bejar - vizsgál metódus meghívása megtörtént.
21:55:41.377 [main] DEBUG reversi.Bejar - vizsgál metódus meghívása megtörtént.
21:55:41.377 [main] DEBUG reversi.Bejar - vizsgál metódus meghívása megtörtént.
21:55:41.377 [main] DEBUG reversi.Bejar - vizsgál metódus meghívása megtörtént.
21:55:41.377 [main] DEBUG reversi.Bejar - vizsgál metódus meghívása megtörtént.
21:55:41.377 [main] DEBUG reversi.Bejar - vizsgál metódus meghívása megtörtént.
21:55:41.377 [main] DEBUG reversi.Bejar - vizsgál metódus meghívása megtörtént.
21:55:41.377 [main] DEBUG reversi.Bejar - vizsgál metódus meghívása megtörtént.
21:55:41.377 [main] DEBUG reversi.Bejar - vizsgál metódus meghívása megtörtént.
21:55:41.378 [main] DEBUG reversi.Bejar - vizsgál metódus meghívása megtörtént.
21:55:41.378 [main] DEBUG reversi.Bejar - vizsgál metódus meghívása megtörtént.
21:55:41.378 [main] DEBUG reversi.Bejar - vizsgál metódus meghívása megtörtént.
21:55:41.378 [main] DEBUG reversi.Bejar - vizsgál metódus meghívása megtörtént.
21:55:41.378 [main] DEBUG reversi.Bejar - vizsgál metódus meghívása megtörtént.
21:55:41.378 [main] DEBUG reversi.Bejar - vizsgál metódus meghívása megtörtént.
21:55:41.378 [main] DEBUG reversi.Bejar - vizsgál metódus meghívása megtörtént.
21:55:41.378 [main] DEBUG reversi.Bejar - vizsgál metódus meghívása megtörtént.
21:55:41.378 [main] DEBUG reversi.Bejar - vizsgál metódus meghívása megtörtént.
21:55:41.378 [main] DEBUG reversi.Bejar - vizsgál metódus meghívása megtörtént.
21:55:41.378 [main] DEBUG reversi.Bejar - vizsgál metódus meghívása megtörtént.
21:55:41.378 [main] DEBUG reversi.Bejar - vizsgál metódus meghívása megtörtént.
21:55:41.378 [main] DEBUG reversi.Bejar - vizsgál metódus meghívása megtörtént.
21:55:41.378 [main] DEBUG reversi.Bejar - vizsgál metódus meghívása megtörtént.
21:55:41.378 [main] DEBUG reversi.Bejar - vizsgál metódus meghívása megtörtént.
21:55:41.378 [main] DEBUG reversi.Bejar - vizsgál metódus meghívása megtörtént.
21:55:41.378 [main] DEBUG reversi.Bejar - vizsgál metódus meghívása megtörtént.
21:55:41.379 [main] DEBUG reversi.Bejar - vizsgál metódus meghívása megtörtént.
21:55:41.379 [main] DEBUG reversi.Bejar - vizsgál metódus meghívása megtörtént.
21:55:41.379 [main] DEBUG reversi.Bejar - vizsgál metódus meghívása megtörtént.
21:55:41.379 [main] DEBUG reversi.Bejar - vizsgál metódus meghívása megtörtént.
21:55:41.379 [main] DEBUG reversi.Bejar - vizsgál metódus meghívása megtörtént.
21:55:41.379 [main] DEBUG reversi.Bejar - vizsgál metódus meghívása megtörtént.
21:55:41.379 [main] DEBUG reversi.Bejar - vizsgál metódus meghívása megtörtént.
21:55:41.379 [main] DEBUG reversi.Bejar - vizsgál metódus meghívása megtörtént.
21:55:41.379 [main] DEBUG reversi.Bejar - vizsgál metódus meghívása megtörtént.
21:55:41.379 [main] DEBUG reversi.Bejar - vizsgál metódus meghívása megtörtént.
21:55:41.379 [main] DEBUG reversi.Bejar - vizsgál metódus meghívása megtörtént.
21:55:41.379 [main] DEBUG reversi.Bejar - vizsgál metódus meghívása megtörtént.
21:55:41.379 [main] DEBUG reversi.Bejar - vizsgál metódus meghívása megtörtént.
21:55:41.379 [main] DEBUG reversi.Bejar - vizsgál metódus meghívása megtörtént.
21:55:41.379 [main] DEBUG reversi.Bejar - vizsgál metódus meghívása megtörtént.
21:55:41.379 [main] DEBUG reversi.Bejar - vizsgál metódus meghívása megtörtént.
21:55:41.379 [main] DEBUG reversi.Bejar - vizsgál metódus meghívása megtörtént.
21:55:41.379 [main] DEBUG reversi.Bejar - vizsgál metódus meghívása megtörtént.
21:55:41.380 [main] DEBUG reversi.Bejar - vizsgál metódus meghívása megtörtént.
21:55:41.380 [main] DEBUG reversi.Bejar - vizsgál metódus meghívása megtörtént.
21:55:41.380 [main] DEBUG reversi.Bejar - vizsgál metódus meghívása megtörtént.
21:55:41.380 [main] DEBUG reversi.Bejar - vizsgál metódus meghívása megtörtént.
21:55:41.380 [main] DEBUG reversi.Bejar - vizsgál metódus meghívása megtörtént.
21:55:41.380 [main] DEBUG reversi.Bejar - vizsgál metódus meghívása megtörtént.
21:55:41.380 [main] DEBUG reversi.Bejar - vizsgál metódus meghívása megtörtént.
21:55:41.380 [main] DEBUG reversi.Bejar - vizsgál metódus meghívása megtörtént.
21:55:41.380 [main] DEBUG reversi.Bejar - vizsgál metódus meghívása megtörtént.
21:55:41.380 [main] DEBUG reversi.Bejar - vizsgál metódus meghívása megtörtént.
21:55:41.380 [main] DEBUG reversi.Bejar - vizsgál metódus meghívása megtörtént.
21:55:41.380 [main] DEBUG reversi.Bejar - vizsgál metódus meghívása megtörtént.
21:55:41.380 [main] DEBUG reversi.Vezerlo - Részhalmaz előálítása.
21:55:41.380 [main] DEBUG reversi.Bejar - metódus meghívása metörtént.
21:55:41.380 [main] DEBUG reversi.Bejar - vizsgál metódus meghívása megtörtént.
21:55:41.380 [main] DEBUG reversi.Bejar - vizsgál metódus meghívása megtörtént.
21:55:41.380 [main] DEBUG reversi.Bejar - vizsgál metódus meghívása megtörtént.
21:55:41.380 [main] DEBUG reversi.Bejar - vizsgál metódus meghívása megtörtént.
21:55:41.381 [main] DEBUG reversi.Bejar - vizsgál metódus meghívása megtörtént.
21:55:41.381 [main] DEBUG reversi.Bejar - vizsgál metódus meghívása megtörtént.
21:55:41.381 [main] DEBUG reversi.Bejar - vizsgál metódus meghívása megtörtént.
21:55:41.381 [main] DEBUG reversi.Bejar - vizsgál metódus meghívása megtörtént.
21:55:41.381 [main] DEBUG reversi.Bejar - vizsgál metódus meghívása megtörtént.
21:55:41.381 [main] DEBUG reversi.Bejar - vizsgál metódus meghívása megtörtént.
21:55:41.381 [main] DEBUG reversi.Bejar - vizsgál metódus meghívása megtörtént.
21:55:41.381 [main] DEBUG reversi.Bejar - vizsgál metódus meghívása megtörtént.
21:55:41.381 [main] DEBUG reversi.Bejar - vizsgál metódus meghívása megtörtént.
21:55:41.381 [main] DEBUG reversi.Bejar - vizsgál metódus meghívása megtörtént.
21:55:41.381 [main] DEBUG reversi.Bejar - vizsgál metódus meghívása megtörtént.
21:55:41.381 [main] DEBUG reversi.Bejar - vizsgál metódus meghívása megtörtént.
21:55:41.381 [main] DEBUG reversi.Bejar - vizsgál metódus meghívása megtörtént.
21:55:41.381 [main] DEBUG reversi.Bejar - vizsgál metódus meghívása megtörtént.
21:55:41.381 [main] DEBUG reversi.Bejar - vizsgál metódus meghívása megtörtént.
21:55:41.381 [main] DEBUG reversi.Bejar - vizsgál metódus meghívása megtörtént.
21:55:41.381 [main] DEBUG reversi.Bejar - vizsgál metódus meghívása megtörtént.
21:55:41.382 [main] DEBUG reversi.Bejar - vizsgál metódus meghívása megtörtént.
21:55:41.382 [main] DEBUG reversi.Bejar - vizsgál metódus meghívása megtörtént.
21:55:41.382 [main] DEBUG reversi.Bejar - vizsgál metódus meghívása megtörtént.
21:55:41.382 [main] DEBUG reversi.Bejar - vizsgál metódus meghívása megtörtént.
21:55:41.382 [main] DEBUG reversi.Bejar - vizsgál metódus meghívása megtörtént.
21:55:41.382 [main] DEBUG reversi.Bejar - vizsgál metódus meghívása megtörtént.
21:55:41.382 [main] DEBUG reversi.Bejar - vizsgál metódus meghívása megtörtént.
21:55:41.382 [main] DEBUG reversi.Bejar - vizsgál metódus meghívása megtörtént.
21:55:41.382 [main] DEBUG reversi.Bejar - vizsgál metódus meghívása megtörtént.
21:55:41.382 [main] DEBUG reversi.Bejar - vizsgál metódus meghívása megtörtént.
21:55:41.382 [main] DEBUG reversi.Bejar - vizsgál metódus meghívása megtörtént.
21:55:41.382 [main] DEBUG reversi.Bejar - vizsgál metódus meghívása megtörtént.
21:55:41.382 [main] DEBUG reversi.Bejar - vizsgál metódus meghívása megtörtént.
21:55:41.382 [main] DEBUG reversi.Bejar - vizsgál metódus meghívása megtörtént.
21:55:41.382 [main] DEBUG reversi.Bejar - vizsgál metódus meghívása megtörtént.
21:55:41.382 [main] DEBUG reversi.Bejar - vizsgál metódus meghívása megtörtént.
21:55:41.382 [main] DEBUG reversi.Bejar - vizsgál metódus meghívása megtörtént.
21:55:41.382 [main] DEBUG reversi.Bejar - vizsgál metódus meghívása megtörtént.
21:55:41.383 [main] DEBUG reversi.Bejar - vizsgál metódus meghívása megtörtént.
21:55:41.383 [main] DEBUG reversi.Bejar - vizsgál metódus meghívása megtörtént.
21:55:41.383 [main] DEBUG reversi.Bejar - vizsgál metódus meghívása megtörtént.
21:55:41.383 [main] DEBUG reversi.Bejar - vizsgál metódus meghívása megtörtént.
21:55:41.383 [main] DEBUG reversi.Bejar - vizsgál metódus meghívása megtörtént.
21:55:41.383 [main] DEBUG reversi.Bejar - vizsgál metódus meghívása megtörtént.
21:55:41.383 [main] DEBUG reversi.Bejar - vizsgál metódus meghívása megtörtént.
21:55:41.383 [main] DEBUG reversi.Bejar - vizsgál metódus meghívása megtörtént.
21:55:41.383 [main] DEBUG reversi.Bejar - vizsgál metódus meghívása megtörtént.
21:55:41.383 [main] DEBUG reversi.Bejar - vizsgál metódus meghívása megtörtént.
21:55:41.383 [main] DEBUG reversi.Bejar - vizsgál metódus meghívása megtörtént.
21:55:41.383 [main] DEBUG reversi.Bejar - vizsgál metódus meghívása megtörtént.
21:55:41.383 [main] DEBUG reversi.Bejar - vizsgál metódus meghívása megtörtént.
21:55:41.383 [main] DEBUG reversi.Bejar - vizsgál metódus meghívása megtörtént.
21:55:41.383 [main] DEBUG reversi.Bejar - vizsgál metódus meghívása megtörtént.
21:55:41.383 [main] DEBUG reversi.Bejar - vizsgál metódus meghívása megtörtént.
21:55:41.383 [main] DEBUG reversi.Bejar - vizsgál metódus meghívása megtörtént.
21:55:41.383 [main] DEBUG reversi.Bejar - vizsgál metódus meghívása megtörtént.
21:55:41.384 [main] DEBUG reversi.Bejar - vizsgál metódus meghívása megtörtént.
21:55:41.384 [main] DEBUG reversi.Vezerlo - Részhalmaz előálítása.
21:55:41.384 [main] DEBUG reversi.Bejar - metódus meghívása metörtént.
21:55:41.384 [main] DEBUG reversi.Bejar - vizsgál metódus meghívása megtörtént.
21:55:41.384 [main] DEBUG reversi.Bejar - vizsgál metódus meghívása megtörtént.
21:55:41.384 [main] DEBUG reversi.Bejar - vizsgál metódus meghívása megtörtént.
21:55:41.384 [main] DEBUG reversi.Bejar - vizsgál metódus meghívása megtörtént.
21:55:41.384 [main] DEBUG reversi.Bejar - vizsgál metódus meghívása megtörtént.
21:55:41.384 [main] DEBUG reversi.Bejar - vizsgál metódus meghívása megtörtént.
21:55:41.384 [main] DEBUG reversi.Bejar - vizsgál metódus meghívása megtörtént.
21:55:41.384 [main] DEBUG reversi.Bejar - vizsgál metódus meghívása megtörtént.
21:55:41.384 [main] DEBUG reversi.Bejar - vizsgál metódus meghívása megtörtént.
21:55:41.384 [main] DEBUG reversi.Bejar - vizsgál metódus meghívása megtörtént.
21:55:41.384 [main] DEBUG reversi.Bejar - vizsgál metódus meghívása megtörtént.
21:55:41.384 [main] DEBUG reversi.Bejar - vizsgál metódus meghívása megtörtént.
21:55:41.384 [main] DEBUG reversi.Bejar - vizsgál metódus meghívása megtörtént.
21:55:41.384 [main] DEBUG reversi.Bejar - vizsgál metódus meghívása megtörtént.
21:55:41.384 [main] DEBUG reversi.Bejar - vizsgál metódus meghívása megtörtént.
21:55:41.384 [main] DEBUG reversi.Bejar - vizsgál metódus meghívása megtörtént.
21:55:41.385 [main] DEBUG reversi.Bejar - vizsgál metódus meghívása megtörtént.
21:55:41.385 [main] DEBUG reversi.Bejar - vizsgál metódus meghívása megtörtént.
21:55:41.385 [main] DEBUG reversi.Bejar - vizsgál metódus meghívása megtörtént.
21:55:41.385 [main] DEBUG reversi.Bejar - vizsgál metódus meghívása megtörtént.
21:55:41.385 [main] DEBUG reversi.Bejar - vizsgál metódus meghívása megtörtént.
21:55:41.385 [main] DEBUG reversi.Bejar - vizsgál metódus meghívása megtörtént.
21:55:41.385 [main] DEBUG reversi.Bejar - vizsgál metódus meghívása megtörtént.
21:55:41.385 [main] DEBUG reversi.Bejar - vizsgál metódus meghívása megtörtént.
21:55:41.385 [main] DEBUG reversi.Bejar - vizsgál metódus meghívása megtörtént.
21:55:41.385 [main] DEBUG reversi.Bejar - vizsgál metódus meghívása megtörtént.
21:55:41.385 [main] DEBUG reversi.Bejar - vizsgál metódus meghívása megtörtént.
21:55:41.385 [main] DEBUG reversi.Bejar - vizsgál metódus meghívása megtörtént.
21:55:41.385 [main] DEBUG reversi.Bejar - vizsgál metódus meghívása megtörtént.
21:55:41.385 [main] DEBUG reversi.Bejar - vizsgál metódus meghívása megtörtént.
21:55:41.385 [main] DEBUG reversi.Kordinata - konstruktor meghívva.
21:55:41.385 [main] DEBUG reversi.Bejar - vizsgál metódus meghívása megtörtént.
21:55:41.385 [main] DEBUG reversi.Bejar - vizsgál metódus meghívása megtörtént.
21:55:41.386 [main] DEBUG reversi.Bejar - vizsgál metódus meghívása megtörtént.
21:55:41.386 [main] DEBUG reversi.Bejar - vizsgál metódus meghívása megtörtént.
21:55:41.386 [main] DEBUG reversi.Bejar - vizsgál metódus meghívása megtörtént.
21:55:41.386 [main] DEBUG reversi.Bejar - vizsgál metódus meghívása megtörtént.
21:55:41.386 [main] DEBUG reversi.Bejar - vizsgál metódus meghívása megtörtént.
21:55:41.386 [main] DEBUG reversi.Bejar - vizsgál metódus meghívása megtörtént.
21:55:41.386 [main] DEBUG reversi.Bejar - vizsgál metódus meghívása megtörtént.
21:55:41.386 [main] DEBUG reversi.Bejar - vizsgál metódus meghívása megtörtént.
21:55:41.386 [main] DEBUG reversi.Bejar - vizsgál metódus meghívása megtörtént.
21:55:41.386 [main] DEBUG reversi.Bejar - vizsgál metódus meghívása megtörtént.
21:55:41.386 [main] DEBUG reversi.Bejar - vizsgál metódus meghívása megtörtént.
21:55:41.386 [main] DEBUG reversi.Bejar - vizsgál metódus meghívása megtörtént.
21:55:41.386 [main] DEBUG reversi.Bejar - vizsgál metódus meghívása megtörtént.
21:55:41.386 [main] DEBUG reversi.Bejar - vizsgál metódus meghívása megtörtént.
21:55:41.386 [main] DEBUG reversi.Bejar - vizsgál metódus meghívása megtörtént.
21:55:41.386 [main] DEBUG reversi.Bejar - vizsgál metódus meghívása megtörtént.
21:55:41.386 [main] DEBUG reversi.Bejar - vizsgál metódus meghívása megtörtént.
21:55:41.386 [main] DEBUG reversi.Bejar - vizsgál metódus meghívása megtörtént.
21:55:41.386 [main] DEBUG reversi.Bejar - vizsgál metódus meghívása megtörtént.
21:55:41.386 [main] DEBUG reversi.Bejar - vizsgál metódus meghívása megtörtént.
21:55:41.387 [main] DEBUG reversi.Bejar - vizsgál metódus meghívása megtörtént.
21:55:41.387 [main] DEBUG reversi.Bejar - vizsgál metódus meghívása megtörtént.
21:55:41.387 [main] DEBUG reversi.Bejar - vizsgál metódus meghívása megtörtént.
21:55:41.387 [main] DEBUG reversi.Bejar - vizsgál metódus meghívása megtörtént.
21:55:41.387 [main] DEBUG reversi.Bejar - vizsgál metódus meghívása megtörtént.
21:55:41.387 [main] DEBUG reversi.Bejar - vizsgál metódus meghívása megtörtént.
21:55:41.387 [main] DEBUG reversi.Bejar - vizsgál metódus meghívása megtörtént.
21:55:41.387 [main] DEBUG reversi.Bejar - vizsgál metódus meghívása megtörtént.
21:55:41.387 [main] DEBUG reversi.Bejar - vizsgál metódus meghívása megtörtént.
21:55:41.387 [main] DEBUG reversi.Bejar - vizsgál metódus meghívása megtörtént.
21:55:41.387 [main] DEBUG reversi.Bejar - vizsgál metódus meghívása megtörtént.
21:55:41.387 [main] DEBUG reversi.Bejar - vizsgál metódus meghívása megtörtént.
21:55:41.387 [main] DEBUG reversi.Vezerlo - Halmaz sikeresen elkészítve.
21:55:41.387 [main] DEBUG reversi.Table - getTable metódus meghívva.
21:55:41.387 [main] DEBUG reversi.Vezerlo - lehetLepesek metódus meghíva.
21:55:41.387 [main] DEBUG reversi.Vezerlo - ts halmaz létrehozva.
21:55:41.387 [main] DEBUG reversi.Vezerlo - Részhalmaz előálítása.
21:55:41.387 [main] DEBUG reversi.Bejar - metódus meghívása metörtént.
21:55:41.388 [main] DEBUG reversi.Bejar - vizsgál metódus meghívása megtörtént.
21:55:41.388 [main] DEBUG reversi.Bejar - vizsgál metódus meghívása megtörtént.
21:55:41.388 [main] DEBUG reversi.Bejar - vizsgál metódus meghívása megtörtént.
21:55:41.388 [main] DEBUG reversi.Bejar - vizsgál metódus meghívása megtörtént.
21:55:41.388 [main] DEBUG reversi.Bejar - vizsgál metódus meghívása megtörtént.
21:55:41.388 [main] DEBUG reversi.Bejar - vizsgál metódus meghívása megtörtént.
21:55:41.388 [main] DEBUG reversi.Bejar - vizsgál metódus meghívása megtörtént.
21:55:41.388 [main] DEBUG reversi.Bejar - vizsgál metódus meghívása megtörtént.
21:55:41.388 [main] DEBUG reversi.Bejar - vizsgál metódus meghívása megtörtént.
21:55:41.388 [main] DEBUG reversi.Bejar - vizsgál metódus meghívása megtörtént.
21:55:41.388 [main] DEBUG reversi.Bejar - vizsgál metódus meghívása megtörtént.
21:55:41.388 [main] DEBUG reversi.Bejar - vizsgál metódus meghívása megtörtént.
21:55:41.388 [main] DEBUG reversi.Bejar - vizsgál metódus meghívása megtörtént.
21:55:41.388 [main] DEBUG reversi.Bejar - vizsgál metódus meghívása megtörtént.
21:55:41.388 [main] DEBUG reversi.Bejar - vizsgál metódus meghívása megtörtént.
21:55:41.388 [main] DEBUG reversi.Bejar - vizsgál metódus meghívása megtörtént.
21:55:41.388 [main] DEBUG reversi.Bejar - vizsgál metódus meghívása megtörtént.
21:55:41.388 [main] DEBUG reversi.Bejar - vizsgál metódus meghívása megtörtént.
21:55:41.388 [main] DEBUG reversi.Bejar - vizsgál metódus meghívása megtörtént.
21:55:41.389 [main] DEBUG reversi.Bejar - vizsgál metódus meghívása megtörtént.
21:55:41.389 [main] DEBUG reversi.Bejar - vizsgál metódus meghívása megtörtént.
21:55:41.389 [main] DEBUG reversi.Bejar - vizsgál metódus meghívása megtörtént.
21:55:41.389 [main] DEBUG reversi.Bejar - vizsgál metódus meghívása megtörtént.
21:55:41.389 [main] DEBUG reversi.Bejar - vizsgál metódus meghívása megtörtént.
21:55:41.389 [main] DEBUG reversi.Bejar - vizsgál metódus meghívása megtörtént.
21:55:41.389 [main] DEBUG reversi.Bejar - vizsgál metódus meghívása megtörtént.
21:55:41.389 [main] DEBUG reversi.Bejar - vizsgál metódus meghívása megtörtént.
21:55:41.389 [main] DEBUG reversi.Bejar - vizsgál metódus meghívása megtörtént.
21:55:41.389 [main] DEBUG reversi.Bejar - vizsgál metódus meghívása megtörtént.
21:55:41.389 [main] DEBUG reversi.Bejar - vizsgál metódus meghívása megtörtént.
21:55:41.389 [main] DEBUG reversi.Bejar - vizsgál metódus meghívása megtörtént.
21:55:41.389 [main] DEBUG reversi.Bejar - vizsgál metódus meghívása megtörtént.
21:55:41.389 [main] DEBUG reversi.Bejar - vizsgál metódus meghívása megtörtént.
21:55:41.389 [main] DEBUG reversi.Bejar - vizsgál metódus meghívása megtörtént.
21:55:41.389 [main] DEBUG reversi.Bejar - vizsgál metódus meghívása megtörtént.
21:55:41.389 [main] DEBUG reversi.Bejar - vizsgál metódus meghívása megtörtént.
21:55:41.389 [main] DEBUG reversi.Bejar - vizsgál metódus meghívása megtörtént.
21:55:41.389 [main] DEBUG reversi.Bejar - vizsgál metódus meghívása megtörtént.
21:55:41.390 [main] DEBUG reversi.Bejar - vizsgál metódus meghívása megtörtént.
21:55:41.390 [main] DEBUG reversi.Bejar - vizsgál metódus meghívása megtörtént.
21:55:41.390 [main] DEBUG reversi.Bejar - vizsgál metódus meghívása megtörtént.
21:55:41.390 [main] DEBUG reversi.Bejar - vizsgál metódus meghívása megtörtént.
21:55:41.390 [main] DEBUG reversi.Bejar - vizsgál metódus meghívása megtörtént.
21:55:41.390 [main] DEBUG reversi.Bejar - vizsgál metódus meghívása megtörtént.
21:55:41.390 [main] DEBUG reversi.Bejar - vizsgál metódus meghívása megtörtént.
21:55:41.390 [main] DEBUG reversi.Bejar - vizsgál metódus meghívása megtörtént.
21:55:41.390 [main] DEBUG reversi.Bejar - vizsgál metódus meghívása megtörtént.
21:55:41.390 [main] DEBUG reversi.Bejar - vizsgál metódus meghívása megtörtént.
21:55:41.390 [main] DEBUG reversi.Bejar - vizsgál metódus meghívása megtörtént.
21:55:41.390 [main] DEBUG reversi.Bejar - vizsgál metódus meghívása megtörtént.
21:55:41.390 [main] DEBUG reversi.Bejar - vizsgál metódus meghívása megtörtént.
21:55:41.390 [main] DEBUG reversi.Bejar - vizsgál metódus meghívása megtörtént.
21:55:41.390 [main] DEBUG reversi.Bejar - vizsgál metódus meghívása megtörtént.
21:55:41.390 [main] DEBUG reversi.Bejar - vizsgál metódus meghívása megtörtént.
21:55:41.390 [main] DEBUG reversi.Bejar - vizsgál metódus meghívása megtörtént.
21:55:41.390 [main] DEBUG reversi.Bejar - vizsgál metódus meghívása megtörtént.
21:55:41.390 [main] DEBUG reversi.Bejar - vizsgál metódus meghívása megtörtént.
21:55:41.391 [main] DEBUG reversi.Bejar - vizsgál metódus meghívása megtörtént.
21:55:41.391 [main] DEBUG reversi.Vezerlo - Részhalmaz előálítása.
21:55:41.391 [main] DEBUG reversi.Bejar - metódus meghívása metörtént.
21:55:41.391 [main] DEBUG reversi.Bejar - vizsgál metódus meghívása megtörtént.
21:55:41.391 [main] DEBUG reversi.Bejar - vizsgál metódus meghívása megtörtént.
21:55:41.391 [main] DEBUG reversi.Bejar - vizsgál metódus meghívása megtörtént.
21:55:41.391 [main] DEBUG reversi.Bejar - vizsgál metódus meghívása megtörtént.
21:55:41.391 [main] DEBUG reversi.Bejar - vizsgál metódus meghívása megtörtént.
21:55:41.391 [main] DEBUG reversi.Bejar - vizsgál metódus meghívása megtörtént.
21:55:41.391 [main] DEBUG reversi.Bejar - vizsgál metódus meghívása megtörtént.
21:55:41.391 [main] DEBUG reversi.Bejar - vizsgál metódus meghívása megtörtént.
21:55:41.391 [main] DEBUG reversi.Bejar - vizsgál metódus meghívása megtörtént.
21:55:41.391 [main] DEBUG reversi.Bejar - vizsgál metódus meghívása megtörtént.
21:55:41.391 [main] DEBUG reversi.Bejar - vizsgál metódus meghívása megtörtént.
21:55:41.391 [main] DEBUG reversi.Bejar - vizsgál metódus meghívása megtörtént.
21:55:41.391 [main] DEBUG reversi.Bejar - vizsgál metódus meghívása megtörtént.
21:55:41.391 [main] DEBUG reversi.Bejar - vizsgál metódus meghívása megtörtént.
21:55:41.391 [main] DEBUG reversi.Bejar - vizsgál metódus meghívása megtörtént.
21:55:41.391 [main] DEBUG reversi.Bejar - vizsgál metódus meghívása megtörtént.
21:55:41.391 [main] DEBUG reversi.Bejar - vizsgál metódus meghívása megtörtént.
21:55:41.392 [main] DEBUG reversi.Bejar - vizsgál metódus meghívása megtörtént.
21:55:41.392 [main] DEBUG reversi.Bejar - vizsgál metódus meghívása megtörtént.
21:55:41.392 [main] DEBUG reversi.Bejar - vizsgál metódus meghívása megtörtént.
21:55:41.392 [main] DEBUG reversi.Bejar - vizsgál metódus meghívása megtörtént.
21:55:41.392 [main] DEBUG reversi.Bejar - vizsgál metódus meghívása megtörtént.
21:55:41.392 [main] DEBUG reversi.Bejar - vizsgál metódus meghívása megtörtént.
21:55:41.392 [main] DEBUG reversi.Bejar - vizsgál metódus meghívása megtörtént.
21:55:41.392 [main] DEBUG reversi.Bejar - vizsgál metódus meghívása megtörtént.
21:55:41.392 [main] DEBUG reversi.Bejar - vizsgál metódus meghívása megtörtént.
21:55:41.392 [main] DEBUG reversi.Bejar - vizsgál metódus meghívása megtörtént.
21:55:41.392 [main] DEBUG reversi.Bejar - vizsgál metódus meghívása megtörtént.
21:55:41.392 [main] DEBUG reversi.Bejar - vizsgál metódus meghívása megtörtént.
21:55:41.392 [main] DEBUG reversi.Bejar - vizsgál metódus meghívása megtörtént.
21:55:41.392 [main] DEBUG reversi.Bejar - vizsgál metódus meghívása megtörtént.
21:55:41.392 [main] DEBUG reversi.Bejar - vizsgál metódus meghívása megtörtént.
21:55:41.392 [main] DEBUG reversi.Bejar - vizsgál metódus meghívása megtörtént.
21:55:41.392 [main] DEBUG reversi.Bejar - vizsgál metódus meghívása megtörtént.
21:55:41.392 [main] DEBUG reversi.Bejar - vizsgál metódus meghívása megtörtént.
21:55:41.392 [main] DEBUG reversi.Bejar - vizsgál metódus meghívása megtörtént.
21:55:41.393 [main] DEBUG reversi.Bejar - vizsgál metódus meghívása megtörtént.
21:55:41.393 [main] DEBUG reversi.Bejar - vizsgál metódus meghívása megtörtént.
21:55:41.393 [main] DEBUG reversi.Kordinata - konstruktor meghívva.
21:55:41.393 [main] DEBUG reversi.Bejar - vizsgál metódus meghívása megtörtént.
21:55:41.393 [main] DEBUG reversi.Bejar - vizsgál metódus meghívása megtörtént.
21:55:41.393 [main] DEBUG reversi.Bejar - vizsgál metódus meghívása megtörtént.
21:55:41.393 [main] DEBUG reversi.Bejar - vizsgál metódus meghívása megtörtént.
21:55:41.393 [main] DEBUG reversi.Bejar - vizsgál metódus meghívása megtörtént.
21:55:41.393 [main] DEBUG reversi.Bejar - vizsgál metódus meghívása megtörtént.
21:55:41.393 [main] DEBUG reversi.Bejar - vizsgál metódus meghívása megtörtént.
21:55:41.393 [main] DEBUG reversi.Bejar - vizsgál metódus meghívása megtörtént.
21:55:41.393 [main] DEBUG reversi.Bejar - vizsgál metódus meghívása megtörtént.
21:55:41.393 [main] DEBUG reversi.Bejar - vizsgál metódus meghívása megtörtént.
21:55:41.393 [main] DEBUG reversi.Bejar - vizsgál metódus meghívása megtörtént.
21:55:41.393 [main] DEBUG reversi.Bejar - vizsgál metódus meghívása megtörtént.
21:55:41.393 [main] DEBUG reversi.Bejar - vizsgál metódus meghívása megtörtént.
21:55:41.393 [main] DEBUG reversi.Bejar - vizsgál metódus meghívása megtörtént.
21:55:41.393 [main] DEBUG reversi.Bejar - vizsgál metódus meghívása megtörtént.
21:55:41.393 [main] DEBUG reversi.Bejar - vizsgál metódus meghívása megtörtént.
21:55:41.394 [main] DEBUG reversi.Bejar - vizsgál metódus meghívása megtörtént.
21:55:41.394 [main] DEBUG reversi.Bejar - vizsgál metódus meghívása megtörtént.
21:55:41.394 [main] DEBUG reversi.Bejar - vizsgál metódus meghívása megtörtént.
21:55:41.394 [main] DEBUG reversi.Bejar - vizsgál metódus meghívása megtörtént.
21:55:41.394 [main] DEBUG reversi.Bejar - vizsgál metódus meghívása megtörtént.
21:55:41.394 [main] DEBUG reversi.Bejar - vizsgál metódus meghívása megtörtént.
21:55:41.394 [main] DEBUG reversi.Bejar - vizsgál metódus meghívása megtörtént.
21:55:41.394 [main] DEBUG reversi.Bejar - vizsgál metódus meghívása megtörtént.
21:55:41.394 [main] DEBUG reversi.Bejar - vizsgál metódus meghívása megtörtént.
21:55:41.394 [main] DEBUG reversi.Bejar - vizsgál metódus meghívása megtörtént.
21:55:41.394 [main] DEBUG reversi.Vezerlo - Részhalmaz előálítása.
21:55:41.394 [main] DEBUG reversi.Bejar - metódus meghívása metörtént.
21:55:41.394 [main] DEBUG reversi.Bejar - vizsgál metódus meghívása megtörtént.
21:55:41.394 [main] DEBUG reversi.Bejar - vizsgál metódus meghívása megtörtént.
21:55:41.394 [main] DEBUG reversi.Bejar - vizsgál metódus meghívása megtörtént.
21:55:41.394 [main] DEBUG reversi.Bejar - vizsgál metódus meghívása megtörtént.
21:55:41.394 [main] DEBUG reversi.Bejar - vizsgál metódus meghívása megtörtént.
21:55:41.394 [main] DEBUG reversi.Bejar - vizsgál metódus meghívása megtörtént.
21:55:41.394 [main] DEBUG reversi.Bejar - vizsgál metódus meghívása megtörtént.
21:55:41.395 [main] DEBUG reversi.Bejar - vizsgál metódus meghívása megtörtént.
21:55:41.395 [main] DEBUG reversi.Bejar - vizsgál metódus meghívása megtörtént.
21:55:41.395 [main] DEBUG reversi.Bejar - vizsgál metódus meghívása megtörtént.
21:55:41.395 [main] DEBUG reversi.Bejar - vizsgál metódus meghívása megtörtént.
21:55:41.395 [main] DEBUG reversi.Bejar - vizsgál metódus meghívása megtörtént.
21:55:41.395 [main] DEBUG reversi.Bejar - vizsgál metódus meghívása megtörtént.
21:55:41.395 [main] DEBUG reversi.Bejar - vizsgál metódus meghívása megtörtént.
21:55:41.395 [main] DEBUG reversi.Bejar - vizsgál metódus meghívása megtörtént.
21:55:41.395 [main] DEBUG reversi.Bejar - vizsgál metódus meghívása megtörtént.
21:55:41.395 [main] DEBUG reversi.Bejar - vizsgál metódus meghívása megtörtént.
21:55:41.395 [main] DEBUG reversi.Bejar - vizsgál metódus meghívása megtörtént.
21:55:41.395 [main] DEBUG reversi.Bejar - vizsgál metódus meghívása megtörtént.
21:55:41.395 [main] DEBUG reversi.Bejar - vizsgál metódus meghívása megtörtént.
21:55:41.395 [main] DEBUG reversi.Bejar - vizsgál metódus meghívása megtörtént.
21:55:41.395 [main] DEBUG reversi.Bejar - vizsgál metódus meghívása megtörtént.
21:55:41.395 [main] DEBUG reversi.Bejar - vizsgál metódus meghívása megtörtént.
21:55:41.395 [main] DEBUG reversi.Bejar - vizsgál metódus meghívása megtörtént.
21:55:41.395 [main] DEBUG reversi.Bejar - vizsgál metódus meghívása megtörtént.
21:55:41.395 [main] DEBUG reversi.Bejar - vizsgál metódus meghívása megtörtént.
21:55:41.396 [main] DEBUG reversi.Bejar - vizsgál metódus meghívása megtörtént.
21:55:41.396 [main] DEBUG reversi.Bejar - vizsgál metódus meghívása megtörtént.
21:55:41.396 [main] DEBUG reversi.Bejar - vizsgál metódus meghívása megtörtént.
21:55:41.396 [main] DEBUG reversi.Bejar - vizsgál metódus meghívása megtörtént.
21:55:41.396 [main] DEBUG reversi.Bejar - vizsgál metódus meghívása megtörtént.
21:55:41.396 [main] DEBUG reversi.Bejar - vizsgál metódus meghívása megtörtént.
21:55:41.396 [main] DEBUG reversi.Bejar - vizsgál metódus meghívása megtörtént.
21:55:41.396 [main] DEBUG reversi.Bejar - vizsgál metódus meghívása megtörtént.
21:55:41.396 [main] DEBUG reversi.Bejar - vizsgál metódus meghívása megtörtént.
21:55:41.396 [main] DEBUG reversi.Bejar - vizsgál metódus meghívása megtörtént.
21:55:41.396 [main] DEBUG reversi.Bejar - vizsgál metódus meghívása megtörtént.
21:55:41.396 [main] DEBUG reversi.Bejar - vizsgál metódus meghívása megtörtént.
21:55:41.396 [main] DEBUG reversi.Bejar - vizsgál metódus meghívása megtörtént.
21:55:41.396 [main] DEBUG reversi.Bejar - vizsgál metódus meghívása megtörtént.
21:55:41.396 [main] DEBUG reversi.Bejar - vizsgál metódus meghívása megtörtént.
21:55:41.396 [main] DEBUG reversi.Bejar - vizsgál metódus meghívása megtörtént.
21:55:41.396 [main] DEBUG reversi.Bejar - vizsgál metódus meghívása megtörtént.
21:55:41.396 [main] DEBUG reversi.Bejar - vizsgál metódus meghívása megtörtént.
21:55:41.396 [main] DEBUG reversi.Bejar - vizsgál metódus meghívása megtörtént.
21:55:41.397 [main] DEBUG reversi.Bejar - vizsgál metódus meghívása megtörtént.
21:55:41.397 [main] DEBUG reversi.Bejar - vizsgál metódus meghívása megtörtént.
21:55:41.397 [main] DEBUG reversi.Bejar - vizsgál metódus meghívása megtörtént.
21:55:41.397 [main] DEBUG reversi.Bejar - vizsgál metódus meghívása megtörtént.
21:55:41.397 [main] DEBUG reversi.Bejar - vizsgál metódus meghívása megtörtént.
21:55:41.397 [main] DEBUG reversi.Bejar - vizsgál metódus meghívása megtörtént.
21:55:41.397 [main] DEBUG reversi.Bejar - vizsgál metódus meghívása megtörtént.
21:55:41.397 [main] DEBUG reversi.Bejar - vizsgál metódus meghívása megtörtént.
21:55:41.397 [main] DEBUG reversi.Bejar - vizsgál metódus meghívása megtörtént.
21:55:41.397 [main] DEBUG reversi.Bejar - vizsgál metódus meghívása megtörtént.
21:55:41.397 [main] DEBUG reversi.Bejar - vizsgál metódus meghívása megtörtént.
21:55:41.397 [main] DEBUG reversi.Bejar - vizsgál metódus meghívása megtörtént.
21:55:41.397 [main] DEBUG reversi.Bejar - vizsgál metódus meghívása megtörtént.
21:55:41.397 [main] DEBUG reversi.Vezerlo - Részhalmaz előálítása.
21:55:41.397 [main] DEBUG reversi.Bejar - metódus meghívása metörtént.
21:55:41.397 [main] DEBUG reversi.Bejar - vizsgál metódus meghívása megtörtént.
21:55:41.397 [main] DEBUG reversi.Bejar - vizsgál metódus meghívása megtörtént.
21:55:41.397 [main] DEBUG reversi.Bejar - vizsgál metódus meghívása megtörtént.
21:55:41.397 [main] DEBUG reversi.Bejar - vizsgál metódus meghívása megtörtént.
21:55:41.398 [main] DEBUG reversi.Bejar - vizsgál metódus meghívása megtörtént.
21:55:41.398 [main] DEBUG reversi.Bejar - vizsgál metódus meghívása megtörtént.
21:55:41.398 [main] DEBUG reversi.Bejar - vizsgál metódus meghívása megtörtént.
21:55:41.398 [main] DEBUG reversi.Bejar - vizsgál metódus meghívása megtörtént.
21:55:41.398 [main] DEBUG reversi.Bejar - vizsgál metódus meghívása megtörtént.
21:55:41.398 [main] DEBUG reversi.Bejar - vizsgál metódus meghívása megtörtént.
21:55:41.398 [main] DEBUG reversi.Bejar - vizsgál metódus meghívása megtörtént.
21:55:41.398 [main] DEBUG reversi.Bejar - vizsgál metódus meghívása megtörtént.
21:55:41.398 [main] DEBUG reversi.Bejar - vizsgál metódus meghívása megtörtént.
21:55:41.398 [main] DEBUG reversi.Bejar - vizsgál metódus meghívása megtörtént.
21:55:41.398 [main] DEBUG reversi.Bejar - vizsgál metódus meghívása megtörtént.
21:55:41.398 [main] DEBUG reversi.Bejar - vizsgál metódus meghívása megtörtént.
21:55:41.398 [main] DEBUG reversi.Bejar - vizsgál metódus meghívása megtörtént.
21:55:41.398 [main] DEBUG reversi.Bejar - vizsgál metódus meghívása megtörtént.
21:55:41.398 [main] DEBUG reversi.Bejar - vizsgál metódus meghívása megtörtént.
21:55:41.398 [main] DEBUG reversi.Bejar - vizsgál metódus meghívása megtörtént.
21:55:41.398 [main] DEBUG reversi.Bejar - vizsgál metódus meghívása megtörtént.
21:55:41.398 [main] DEBUG reversi.Bejar - vizsgál metódus meghívása megtörtént.
21:55:41.398 [main] DEBUG reversi.Bejar - vizsgál metódus meghívása megtörtént.
21:55:41.399 [main] DEBUG reversi.Bejar - vizsgál metódus meghívása megtörtént.
21:55:41.399 [main] DEBUG reversi.Bejar - vizsgál metódus meghívása megtörtént.
21:55:41.399 [main] DEBUG reversi.Bejar - vizsgál metódus meghívása megtörtént.
21:55:41.399 [main] DEBUG reversi.Bejar - vizsgál metódus meghívása megtörtént.
21:55:41.399 [main] DEBUG reversi.Bejar - vizsgál metódus meghívása megtörtént.
21:55:41.399 [main] DEBUG reversi.Bejar - vizsgál metódus meghívása megtörtént.
21:55:41.399 [main] DEBUG reversi.Bejar - vizsgál metódus meghívása megtörtént.
21:55:41.399 [main] DEBUG reversi.Bejar - vizsgál metódus meghívása megtörtént.
21:55:41.399 [main] DEBUG reversi.Bejar - vizsgál metódus meghívása megtörtént.
21:55:41.399 [main] DEBUG reversi.Bejar - vizsgál metódus meghívása megtörtént.
21:55:41.399 [main] DEBUG reversi.Bejar - vizsgál metódus meghívása megtörtént.
21:55:41.399 [main] DEBUG reversi.Bejar - vizsgál metódus meghívása megtörtént.
21:55:41.399 [main] DEBUG reversi.Bejar - vizsgál metódus meghívása megtörtént.
21:55:41.399 [main] DEBUG reversi.Bejar - vizsgál metódus meghívása megtörtént.
21:55:41.399 [main] DEBUG reversi.Bejar - vizsgál metódus meghívása megtörtént.
21:55:41.399 [main] DEBUG reversi.Kordinata - konstruktor meghívva.
21:55:41.399 [main] DEBUG reversi.Bejar - vizsgál metódus meghívása megtörtént.
21:55:41.399 [main] DEBUG reversi.Bejar - vizsgál metódus meghívása megtörtént.
21:55:41.399 [main] DEBUG reversi.Bejar - vizsgál metódus meghívása megtörtént.
21:55:41.399 [main] DEBUG reversi.Bejar - vizsgál metódus meghívása megtörtént.
21:55:41.400 [main] DEBUG reversi.Bejar - vizsgál metódus meghívása megtörtént.
21:55:41.400 [main] DEBUG reversi.Bejar - vizsgál metódus meghívása megtörtént.
21:55:41.400 [main] DEBUG reversi.Bejar - vizsgál metódus meghívása megtörtént.
21:55:41.400 [main] DEBUG reversi.Bejar - vizsgál metódus meghívása megtörtént.
21:55:41.400 [main] DEBUG reversi.Bejar - vizsgál metódus meghívása megtörtént.
21:55:41.400 [main] DEBUG reversi.Bejar - vizsgál metódus meghívása megtörtént.
21:55:41.400 [main] DEBUG reversi.Bejar - vizsgál metódus meghívása megtörtént.
21:55:41.400 [main] DEBUG reversi.Bejar - vizsgál metódus meghívása megtörtént.
21:55:41.400 [main] DEBUG reversi.Bejar - vizsgál metódus meghívása megtörtént.
21:55:41.400 [main] DEBUG reversi.Bejar - vizsgál metódus meghívása megtörtént.
21:55:41.400 [main] DEBUG reversi.Bejar - vizsgál metódus meghívása megtörtént.
21:55:41.400 [main] DEBUG reversi.Bejar - vizsgál metódus meghívása megtörtént.
21:55:41.400 [main] DEBUG reversi.Bejar - vizsgál metódus meghívása megtörtént.
21:55:41.400 [main] DEBUG reversi.Bejar - vizsgál metódus meghívása megtörtént.
21:55:41.400 [main] DEBUG reversi.Bejar - vizsgál metódus meghívása megtörtént.
21:55:41.400 [main] DEBUG reversi.Bejar - vizsgál metódus meghívása megtörtént.
21:55:41.400 [main] DEBUG reversi.Bejar - vizsgál metódus meghívása megtörtént.
21:55:41.400 [main] DEBUG reversi.Bejar - vizsgál metódus meghívása megtörtént.
21:55:41.400 [main] DEBUG reversi.Bejar - vizsgál metódus meghívása megtörtént.
21:55:41.401 [main] DEBUG reversi.Bejar - vizsgál metódus meghívása megtörtént.
21:55:41.401 [main] DEBUG reversi.Bejar - vizsgál metódus meghívása megtörtént.
21:55:41.401 [main] DEBUG reversi.Bejar - vizsgál metódus meghívása megtörtént.
21:55:41.401 [main] DEBUG reversi.Vezerlo - Részhalmaz előálítása.
21:55:41.401 [main] DEBUG reversi.Bejar - metódus meghívása metörtént.
21:55:41.401 [main] DEBUG reversi.Bejar - vizsgál metódus meghívása megtörtént.
21:55:41.401 [main] DEBUG reversi.Bejar - vizsgál metódus meghívása megtörtént.
21:55:41.401 [main] DEBUG reversi.Bejar - vizsgál metódus meghívása megtörtént.
21:55:41.401 [main] DEBUG reversi.Bejar - vizsgál metódus meghívása megtörtént.
21:55:41.401 [main] DEBUG reversi.Bejar - vizsgál metódus meghívása megtörtént.
21:55:41.401 [main] DEBUG reversi.Bejar - vizsgál metódus meghívása megtörtént.
21:55:41.401 [main] DEBUG reversi.Bejar - vizsgál metódus meghívása megtörtént.
21:55:41.401 [main] DEBUG reversi.Bejar - vizsgál metódus meghívása megtörtént.
21:55:41.401 [main] DEBUG reversi.Bejar - vizsgál metódus meghívása megtörtént.
21:55:41.401 [main] DEBUG reversi.Bejar - vizsgál metódus meghívása megtörtént.
21:55:41.401 [main] DEBUG reversi.Bejar - vizsgál metódus meghívása megtörtént.
21:55:41.401 [main] DEBUG reversi.Bejar - vizsgál metódus meghívása megtörtént.
21:55:41.401 [main] DEBUG reversi.Bejar - vizsgál metódus meghívása megtörtént.
21:55:41.401 [main] DEBUG reversi.Bejar - vizsgál metódus meghívása megtörtént.
21:55:41.401 [main] DEBUG reversi.Bejar - vizsgál metódus meghívása megtörtént.
21:55:41.402 [main] DEBUG reversi.Bejar - vizsgál metódus meghívása megtörtént.
21:55:41.402 [main] DEBUG reversi.Bejar - vizsgál metódus meghívása megtörtént.
21:55:41.402 [main] DEBUG reversi.Bejar - vizsgál metódus meghívása megtörtént.
21:55:41.402 [main] DEBUG reversi.Bejar - vizsgál metódus meghívása megtörtént.
21:55:41.402 [main] DEBUG reversi.Bejar - vizsgál metódus meghívása megtörtént.
21:55:41.402 [main] DEBUG reversi.Bejar - vizsgál metódus meghívása megtörtént.
21:55:41.402 [main] DEBUG reversi.Bejar - vizsgál metódus meghívása megtörtént.
21:55:41.402 [main] DEBUG reversi.Bejar - vizsgál metódus meghívása megtörtént.
21:55:41.402 [main] DEBUG reversi.Bejar - vizsgál metódus meghívása megtörtént.
21:55:41.402 [main] DEBUG reversi.Bejar - vizsgál metódus meghívása megtörtént.
21:55:41.402 [main] DEBUG reversi.Bejar - vizsgál metódus meghívása megtörtént.
21:55:41.402 [main] DEBUG reversi.Bejar - vizsgál metódus meghívása megtörtént.
21:55:41.402 [main] DEBUG reversi.Bejar - vizsgál metódus meghívása megtörtént.
21:55:41.402 [main] DEBUG reversi.Bejar - vizsgál metódus meghívása megtörtént.
21:55:41.402 [main] DEBUG reversi.Bejar - vizsgál metódus meghívása megtörtént.
21:55:41.402 [main] DEBUG reversi.Kordinata - konstruktor meghívva.
21:55:41.402 [main] DEBUG reversi.Bejar - vizsgál metódus meghívása megtörtént.
21:55:41.402 [main] DEBUG reversi.Bejar - vizsgál metódus meghívása megtörtént.
21:55:41.402 [main] DEBUG reversi.Bejar - vizsgál metódus meghívása megtörtént.
21:55:41.402 [main] DEBUG reversi.Bejar - vizsgál metódus meghívása megtörtént.
21:55:41.403 [main] DEBUG reversi.Bejar - vizsgál metódus meghívása megtörtént.
21:55:41.403 [main] DEBUG reversi.Bejar - vizsgál metódus meghívása megtörtént.
21:55:41.403 [main] DEBUG reversi.Bejar - vizsgál metódus meghívása megtörtént.
21:55:41.403 [main] DEBUG reversi.Bejar - vizsgál metódus meghívása megtörtént.
21:55:41.403 [main] DEBUG reversi.Bejar - vizsgál metódus meghívása megtörtént.
21:55:41.403 [main] DEBUG reversi.Bejar - vizsgál metódus meghívása megtörtént.
21:55:41.403 [main] DEBUG reversi.Bejar - vizsgál metódus meghívása megtörtént.
21:55:41.403 [main] DEBUG reversi.Bejar - vizsgál metódus meghívása megtörtént.
21:55:41.403 [main] DEBUG reversi.Bejar - vizsgál metódus meghívása megtörtént.
21:55:41.403 [main] DEBUG reversi.Bejar - vizsgál metódus meghívása megtörtént.
21:55:41.403 [main] DEBUG reversi.Bejar - vizsgál metódus meghívása megtörtént.
21:55:41.403 [main] DEBUG reversi.Bejar - vizsgál metódus meghívása megtörtént.
21:55:41.403 [main] DEBUG reversi.Bejar - vizsgál metódus meghívása megtörtént.
21:55:41.403 [main] DEBUG reversi.Bejar - vizsgál metódus meghívása megtörtént.
21:55:41.403 [main] DEBUG reversi.Bejar - vizsgál metódus meghívása megtörtént.
21:55:41.403 [main] DEBUG reversi.Bejar - vizsgál metódus meghívása megtörtént.
21:55:41.403 [main] DEBUG reversi.Bejar - vizsgál metódus meghívása megtörtént.
21:55:41.403 [main] DEBUG reversi.Bejar - vizsgál metódus meghívása megtörtént.
21:55:41.403 [main] DEBUG reversi.Bejar - vizsgál metódus meghívása megtörtént.
21:55:41.404 [main] DEBUG reversi.Bejar - vizsgál metódus meghívása megtörtént.
21:55:41.404 [main] DEBUG reversi.Bejar - vizsgál metódus meghívása megtörtént.
21:55:41.404 [main] DEBUG reversi.Bejar - vizsgál metódus meghívása megtörtént.
21:55:41.404 [main] DEBUG reversi.Bejar - vizsgál metódus meghívása megtörtént.
21:55:41.404 [main] DEBUG reversi.Bejar - vizsgál metódus meghívása megtörtént.
21:55:41.404 [main] DEBUG reversi.Bejar - vizsgál metódus meghívása megtörtént.
21:55:41.404 [main] DEBUG reversi.Bejar - vizsgál metódus meghívása megtörtént.
21:55:41.404 [main] DEBUG reversi.Bejar - vizsgál metódus meghívása megtörtént.
21:55:41.404 [main] DEBUG reversi.Bejar - vizsgál metódus meghívása megtörtént.
21:55:41.404 [main] DEBUG reversi.Bejar - vizsgál metódus meghívása megtörtént.
21:55:41.404 [main] DEBUG reversi.Bejar - vizsgál metódus meghívása megtörtént.
21:55:41.404 [main] DEBUG reversi.Vezerlo - Részhalmaz előálítása.
21:55:41.404 [main] DEBUG reversi.Bejar - metódus meghívása metörtént.
21:55:41.404 [main] DEBUG reversi.Bejar - vizsgál metódus meghívása megtörtént.
21:55:41.404 [main] DEBUG reversi.Bejar - vizsgál metódus meghívása megtörtént.
21:55:41.404 [main] DEBUG reversi.Bejar - vizsgál metódus meghívása megtörtént.
21:55:41.404 [main] DEBUG reversi.Bejar - vizsgál metódus meghívása megtörtént.
21:55:41.404 [main] DEBUG reversi.Bejar - vizsgál metódus meghívása megtörtént.
21:55:41.404 [main] DEBUG reversi.Bejar - vizsgál metódus meghívása megtörtént.
21:55:41.405 [main] DEBUG reversi.Bejar - vizsgál metódus meghívása megtörtént.
21:55:41.405 [main] DEBUG reversi.Bejar - vizsgál metódus meghívása megtörtént.
21:55:41.405 [main] DEBUG reversi.Bejar - vizsgál metódus meghívása megtörtént.
21:55:41.405 [main] DEBUG reversi.Bejar - vizsgál metódus meghívása megtörtént.
21:55:41.405 [main] DEBUG reversi.Bejar - vizsgál metódus meghívása megtörtént.
21:55:41.405 [main] DEBUG reversi.Bejar - vizsgál metódus meghívása megtörtént.
21:55:41.405 [main] DEBUG reversi.Bejar - vizsgál metódus meghívása megtörtént.
21:55:41.405 [main] DEBUG reversi.Bejar - vizsgál metódus meghívása megtörtént.
21:55:41.405 [main] DEBUG reversi.Bejar - vizsgál metódus meghívása megtörtént.
21:55:41.405 [main] DEBUG reversi.Bejar - vizsgál metódus meghívása megtörtént.
21:55:41.405 [main] DEBUG reversi.Bejar - vizsgál metódus meghívása megtörtént.
21:55:41.405 [main] DEBUG reversi.Bejar - vizsgál metódus meghívása megtörtént.
21:55:41.405 [main] DEBUG reversi.Bejar - vizsgál metódus meghívása megtörtént.
21:55:41.405 [main] DEBUG reversi.Bejar - vizsgál metódus meghívása megtörtént.
21:55:41.405 [main] DEBUG reversi.Bejar - vizsgál metódus meghívása megtörtént.
21:55:41.405 [main] DEBUG reversi.Bejar - vizsgál metódus meghívása megtörtént.
21:55:41.405 [main] DEBUG reversi.Bejar - vizsgál metódus meghívása megtörtént.
21:55:41.405 [main] DEBUG reversi.Bejar - vizsgál metódus meghívása megtörtént.
21:55:41.405 [main] DEBUG reversi.Bejar - vizsgál metódus meghívása megtörtént.
21:55:41.405 [main] DEBUG reversi.Bejar - vizsgál metódus meghívása megtörtént.
21:55:41.406 [main] DEBUG reversi.Bejar - vizsgál metódus meghívása megtörtént.
21:55:41.406 [main] DEBUG reversi.Bejar - vizsgál metódus meghívása megtörtént.
21:55:41.406 [main] DEBUG reversi.Bejar - vizsgál metódus meghívása megtörtént.
21:55:41.406 [main] DEBUG reversi.Bejar - vizsgál metódus meghívása megtörtént.
21:55:41.406 [main] DEBUG reversi.Bejar - vizsgál metódus meghívása megtörtént.
21:55:41.406 [main] DEBUG reversi.Bejar - vizsgál metódus meghívása megtörtént.
21:55:41.406 [main] DEBUG reversi.Bejar - vizsgál metódus meghívása megtörtént.
21:55:41.406 [main] DEBUG reversi.Bejar - vizsgál metódus meghívása megtörtént.
21:55:41.406 [main] DEBUG reversi.Bejar - vizsgál metódus meghívása megtörtént.
21:55:41.406 [main] DEBUG reversi.Bejar - vizsgál metódus meghívása megtörtént.
21:55:41.406 [main] DEBUG reversi.Bejar - vizsgál metódus meghívása megtörtént.
21:55:41.406 [main] DEBUG reversi.Bejar - vizsgál metódus meghívása megtörtént.
21:55:41.406 [main] DEBUG reversi.Bejar - vizsgál metódus meghívása megtörtént.
21:55:41.406 [main] DEBUG reversi.Bejar - vizsgál metódus meghívása megtörtént.
21:55:41.406 [main] DEBUG reversi.Bejar - vizsgál metódus meghívása megtörtént.
21:55:41.406 [main] DEBUG reversi.Bejar - vizsgál metódus meghívása megtörtént.
21:55:41.406 [main] DEBUG reversi.Bejar - vizsgál metódus meghívása megtörtént.
21:55:41.406 [main] DEBUG reversi.Bejar - vizsgál metódus meghívása megtörtént.
21:55:41.406 [main] DEBUG reversi.Bejar - vizsgál metódus meghívása megtörtént.
21:55:41.406 [main] DEBUG reversi.Bejar - vizsgál metódus meghívása megtörtént.
21:55:41.407 [main] DEBUG reversi.Bejar - vizsgál metódus meghívása megtörtént.
21:55:41.407 [main] DEBUG reversi.Bejar - vizsgál metódus meghívása megtörtént.
21:55:41.407 [main] DEBUG reversi.Bejar - vizsgál metódus meghívása megtörtént.
21:55:41.407 [main] DEBUG reversi.Bejar - vizsgál metódus meghívása megtörtént.
21:55:41.407 [main] DEBUG reversi.Bejar - vizsgál metódus meghívása megtörtént.
21:55:41.407 [main] DEBUG reversi.Bejar - vizsgál metódus meghívása megtörtént.
21:55:41.407 [main] DEBUG reversi.Bejar - vizsgál metódus meghívása megtörtént.
21:55:41.407 [main] DEBUG reversi.Bejar - vizsgál metódus meghívása megtörtént.
21:55:41.407 [main] DEBUG reversi.Bejar - vizsgál metódus meghívása megtörtént.
21:55:41.407 [main] DEBUG reversi.Bejar - vizsgál metódus meghívása megtörtént.
21:55:41.407 [main] DEBUG reversi.Bejar - vizsgál metódus meghívása megtörtént.
21:55:41.407 [main] DEBUG reversi.Bejar - vizsgál metódus meghívása megtörtént.
21:55:41.407 [main] DEBUG reversi.Vezerlo - Részhalmaz előálítása.
21:55:41.407 [main] DEBUG reversi.Bejar - metódus meghívása metörtént.
21:55:41.407 [main] DEBUG reversi.Bejar - vizsgál metódus meghívása megtörtént.
21:55:41.407 [main] DEBUG reversi.Bejar - vizsgál metódus meghívása megtörtént.
21:55:41.407 [main] DEBUG reversi.Bejar - vizsgál metódus meghívása megtörtént.
21:55:41.407 [main] DEBUG reversi.Bejar - vizsgál metódus meghívása megtörtént.
21:55:41.407 [main] DEBUG reversi.Bejar - vizsgál metódus meghívása megtörtént.
21:55:41.407 [main] DEBUG reversi.Bejar - vizsgál metódus meghívása megtörtént.
21:55:41.408 [main] DEBUG reversi.Bejar - vizsgál metódus meghívása megtörtént.
21:55:41.408 [main] DEBUG reversi.Bejar - vizsgál metódus meghívása megtörtént.
21:55:41.408 [main] DEBUG reversi.Bejar - vizsgál metódus meghívása megtörtént.
21:55:41.408 [main] DEBUG reversi.Bejar - vizsgál metódus meghívása megtörtént.
21:55:41.408 [main] DEBUG reversi.Bejar - vizsgál metódus meghívása megtörtént.
21:55:41.408 [main] DEBUG reversi.Bejar - vizsgál metódus meghívása megtörtént.
21:55:41.408 [main] DEBUG reversi.Bejar - vizsgál metódus meghívása megtörtént.
21:55:41.408 [main] DEBUG reversi.Bejar - vizsgál metódus meghívása megtörtént.
21:55:41.408 [main] DEBUG reversi.Bejar - vizsgál metódus meghívása megtörtént.
21:55:41.408 [main] DEBUG reversi.Bejar - vizsgál metódus meghívása megtörtént.
21:55:41.408 [main] DEBUG reversi.Bejar - vizsgál metódus meghívása megtörtént.
21:55:41.408 [main] DEBUG reversi.Bejar - vizsgál metódus meghívása megtörtént.
21:55:41.408 [main] DEBUG reversi.Bejar - vizsgál metódus meghívása megtörtént.
21:55:41.408 [main] DEBUG reversi.Bejar - vizsgál metódus meghívása megtörtént.
21:55:41.408 [main] DEBUG reversi.Bejar - vizsgál metódus meghívása megtörtént.
21:55:41.408 [main] DEBUG reversi.Bejar - vizsgál metódus meghívása megtörtént.
21:55:41.408 [main] DEBUG reversi.Bejar - vizsgál metódus meghívása megtörtént.
21:55:41.408 [main] DEBUG reversi.Bejar - vizsgál metódus meghívása megtörtént.
21:55:41.408 [main] DEBUG reversi.Bejar - vizsgál metódus meghívása megtörtént.
21:55:41.408 [main] DEBUG reversi.Bejar - vizsgál metódus meghívása megtörtént.
21:55:41.409 [main] DEBUG reversi.Bejar - vizsgál metódus meghívása megtörtént.
21:55:41.409 [main] DEBUG reversi.Bejar - vizsgál metódus meghívása megtörtént.
21:55:41.409 [main] DEBUG reversi.Bejar - vizsgál metódus meghívása megtörtént.
21:55:41.409 [main] DEBUG reversi.Bejar - vizsgál metódus meghívása megtörtént.
21:55:41.409 [main] DEBUG reversi.Bejar - vizsgál metódus meghívása megtörtént.
21:55:41.409 [main] DEBUG reversi.Bejar - vizsgál metódus meghívása megtörtént.
21:55:41.409 [main] DEBUG reversi.Bejar - vizsgál metódus meghívása megtörtént.
21:55:41.409 [main] DEBUG reversi.Bejar - vizsgál metódus meghívása megtörtént.
21:55:41.409 [main] DEBUG reversi.Bejar - vizsgál metódus meghívása megtörtént.
21:55:41.409 [main] DEBUG reversi.Bejar - vizsgál metódus meghívása megtörtént.
21:55:41.409 [main] DEBUG reversi.Bejar - vizsgál metódus meghívása megtörtént.
21:55:41.409 [main] DEBUG reversi.Bejar - vizsgál metódus meghívása megtörtént.
21:55:41.409 [main] DEBUG reversi.Bejar - vizsgál metódus meghívása megtörtént.
21:55:41.409 [main] DEBUG reversi.Bejar - vizsgál metódus meghívása megtörtént.
21:55:41.409 [main] DEBUG reversi.Bejar - vizsgál metódus meghívása megtörtént.
21:55:41.409 [main] DEBUG reversi.Bejar - vizsgál metódus meghívása megtörtént.
21:55:41.409 [main] DEBUG reversi.Bejar - vizsgál metódus meghívása megtörtént.
21:55:41.409 [main] DEBUG reversi.Bejar - vizsgál metódus meghívása megtörtént.
21:55:41.409 [main] DEBUG reversi.Bejar - vizsgál metódus meghívása megtörtént.
21:55:41.409 [main] DEBUG reversi.Bejar - vizsgál metódus meghívása megtörtént.
21:55:41.409 [main] DEBUG reversi.Bejar - vizsgál metódus meghívása megtörtént.
21:55:41.410 [main] DEBUG reversi.Bejar - vizsgál metódus meghívása megtörtént.
21:55:41.410 [main] DEBUG reversi.Bejar - vizsgál metódus meghívása megtörtént.
21:55:41.410 [main] DEBUG reversi.Bejar - vizsgál metódus meghívása megtörtént.
21:55:41.410 [main] DEBUG reversi.Bejar - vizsgál metódus meghívása megtörtént.
21:55:41.410 [main] DEBUG reversi.Bejar - vizsgál metódus meghívása megtörtént.
21:55:41.410 [main] DEBUG reversi.Bejar - vizsgál metódus meghívása megtörtént.
21:55:41.410 [main] DEBUG reversi.Bejar - vizsgál metódus meghívása megtörtént.
21:55:41.410 [main] DEBUG reversi.Bejar - vizsgál metódus meghívása megtörtént.
21:55:41.410 [main] DEBUG reversi.Bejar - vizsgál metódus meghívása megtörtént.
21:55:41.410 [main] DEBUG reversi.Bejar - vizsgál metódus meghívása megtörtént.
21:55:41.410 [main] DEBUG reversi.Bejar - vizsgál metódus meghívása megtörtént.
21:55:41.410 [main] DEBUG reversi.Vezerlo - Részhalmaz előálítása.
21:55:41.410 [main] DEBUG reversi.Bejar - metódus meghívása metörtént.
21:55:41.410 [main] DEBUG reversi.Bejar - vizsgál metódus meghívása megtörtént.
21:55:41.410 [main] DEBUG reversi.Bejar - vizsgál metódus meghívása megtörtént.
21:55:41.410 [main] DEBUG reversi.Bejar - vizsgál metódus meghívása megtörtént.
21:55:41.410 [main] DEBUG reversi.Bejar - vizsgál metódus meghívása megtörtént.
21:55:41.410 [main] DEBUG reversi.Bejar - vizsgál metódus meghívása megtörtént.
21:55:41.410 [main] DEBUG reversi.Bejar - vizsgál metódus meghívása megtörtént.
21:55:41.410 [main] DEBUG reversi.Bejar - vizsgál metódus meghívása megtörtént.
21:55:41.410 [main] DEBUG reversi.Bejar - vizsgál metódus meghívása megtörtént.
21:55:41.410 [main] DEBUG reversi.Bejar - vizsgál metódus meghívása megtörtént.
21:55:41.411 [main] DEBUG reversi.Bejar - vizsgál metódus meghívása megtörtént.
21:55:41.411 [main] DEBUG reversi.Bejar - vizsgál metódus meghívása megtörtént.
21:55:41.411 [main] DEBUG reversi.Bejar - vizsgál metódus meghívása megtörtént.
21:55:41.411 [main] DEBUG reversi.Bejar - vizsgál metódus meghívása megtörtént.
21:55:41.411 [main] DEBUG reversi.Bejar - vizsgál metódus meghívása megtörtént.
21:55:41.411 [main] DEBUG reversi.Bejar - vizsgál metódus meghívása megtörtént.
21:55:41.411 [main] DEBUG reversi.Bejar - vizsgál metódus meghívása megtörtént.
21:55:41.411 [main] DEBUG reversi.Bejar - vizsgál metódus meghívása megtörtént.
21:55:41.411 [main] DEBUG reversi.Bejar - vizsgál metódus meghívása megtörtént.
21:55:41.411 [main] DEBUG reversi.Bejar - vizsgál metódus meghívása megtörtént.
21:55:41.411 [main] DEBUG reversi.Bejar - vizsgál metódus meghívása megtörtént.
21:55:41.411 [main] DEBUG reversi.Bejar - vizsgál metódus meghívása megtörtént.
21:55:41.411 [main] DEBUG reversi.Bejar - vizsgál metódus meghívása megtörtént.
21:55:41.411 [main] DEBUG reversi.Bejar - vizsgál metódus meghívása megtörtént.
21:55:41.411 [main] DEBUG reversi.Bejar - vizsgál metódus meghívása megtörtént.
21:55:41.411 [main] DEBUG reversi.Bejar - vizsgál metódus meghívása megtörtént.
21:55:41.411 [main] DEBUG reversi.Bejar - vizsgál metódus meghívása megtörtént.
21:55:41.411 [main] DEBUG reversi.Bejar - vizsgál metódus meghívása megtörtént.
21:55:41.411 [main] DEBUG reversi.Bejar - vizsgál metódus meghívása megtörtént.
21:55:41.411 [main] DEBUG reversi.Bejar - vizsgál metódus meghívása megtörtént.
21:55:41.411 [main] DEBUG reversi.Bejar - vizsgál metódus meghívása megtörtént.
21:55:41.412 [main] DEBUG reversi.Kordinata - konstruktor meghívva.
21:55:41.412 [main] DEBUG reversi.Bejar - vizsgál metódus meghívása megtörtént.
21:55:41.412 [main] DEBUG reversi.Bejar - vizsgál metódus meghívása megtörtént.
21:55:41.412 [main] DEBUG reversi.Bejar - vizsgál metódus meghívása megtörtént.
21:55:41.412 [main] DEBUG reversi.Bejar - vizsgál metódus meghívása megtörtént.
21:55:41.412 [main] DEBUG reversi.Bejar - vizsgál metódus meghívása megtörtént.
21:55:41.412 [main] DEBUG reversi.Bejar - vizsgál metódus meghívása megtörtént.
21:55:41.412 [main] DEBUG reversi.Bejar - vizsgál metódus meghívása megtörtént.
21:55:41.412 [main] DEBUG reversi.Bejar - vizsgál metódus meghívása megtörtént.
21:55:41.412 [main] DEBUG reversi.Bejar - vizsgál metódus meghívása megtörtént.
21:55:41.412 [main] DEBUG reversi.Bejar - vizsgál metódus meghívása megtörtént.
21:55:41.412 [main] DEBUG reversi.Bejar - vizsgál metódus meghívása megtörtént.
21:55:41.412 [main] DEBUG reversi.Bejar - vizsgál metódus meghívása megtörtént.
21:55:41.412 [main] DEBUG reversi.Bejar - vizsgál metódus meghívása megtörtént.
21:55:41.412 [main] DEBUG reversi.Bejar - vizsgál metódus meghívása megtörtént.
21:55:41.412 [main] DEBUG reversi.Bejar - vizsgál metódus meghívása megtörtént.
21:55:41.412 [main] DEBUG reversi.Bejar - vizsgál metódus meghívása megtörtént.
21:55:41.412 [main] DEBUG reversi.Bejar - vizsgál metódus meghívása megtörtént.
21:55:41.412 [main] DEBUG reversi.Bejar - vizsgál metódus meghívása megtörtént.
21:55:41.412 [main] DEBUG reversi.Bejar - vizsgál metódus meghívása megtörtént.
21:55:41.412 [main] DEBUG reversi.Bejar - vizsgál metódus meghívása megtörtént.
21:55:41.413 [main] DEBUG reversi.Bejar - vizsgál metódus meghívása megtörtént.
21:55:41.413 [main] DEBUG reversi.Bejar - vizsgál metódus meghívása megtörtént.
21:55:41.413 [main] DEBUG reversi.Bejar - vizsgál metódus meghívása megtörtént.
21:55:41.413 [main] DEBUG reversi.Bejar - vizsgál metódus meghívása megtörtént.
21:55:41.413 [main] DEBUG reversi.Bejar - vizsgál metódus meghívása megtörtént.
21:55:41.413 [main] DEBUG reversi.Bejar - vizsgál metódus meghívása megtörtént.
21:55:41.413 [main] DEBUG reversi.Bejar - vizsgál metódus meghívása megtörtént.
21:55:41.413 [main] DEBUG reversi.Bejar - vizsgál metódus meghívása megtörtént.
21:55:41.413 [main] DEBUG reversi.Bejar - vizsgál metódus meghívása megtörtént.
21:55:41.413 [main] DEBUG reversi.Bejar - vizsgál metódus meghívása megtörtént.
21:55:41.413 [main] DEBUG reversi.Bejar - vizsgál metódus meghívása megtörtént.
21:55:41.413 [main] DEBUG reversi.Bejar - vizsgál metódus meghívása megtörtént.
21:55:41.413 [main] DEBUG reversi.Bejar - vizsgál metódus meghívása megtörtént.
21:55:41.413 [main] DEBUG reversi.Bejar - vizsgál metódus meghívása megtörtént.
21:55:41.413 [main] DEBUG reversi.Vezerlo - Halmaz sikeresen elkészítve.
21:55:41.413 [main] DEBUG reversi.Table - lehetLepesek metódus meghívva.
21:55:41.413 [main] DEBUG reversi.Table - Lehetséges lépések ábrázolása a táblába.
21:55:41.414 [main] DEBUG reversi.Vezerlo - Tábla kiírva.
21:55:41.414 [main] DEBUG reversi.Table - lehetLepesekEltuntet metódus meghívva.
21:55:41.414 [main] DEBUG reversi.Table - Lehetséges lépések eltüntetése a táblából.
21:55:41.414 [main] DEBUG reversi.Table - getTable metódus meghívva.
21:55:41.414 [main] DEBUG reversi.Vezerlo - pontok metódus meghívval.
21:55:41.414 [main] DEBUG reversi.Vezerlo - pontok kiszámítva.
21:55:41.414 [main] DEBUG reversi.Table - getTable metódus meghívva.
21:55:41.414 [main] DEBUG reversi.Vezerlo - pontok metódus meghívval.
21:55:41.414 [main] DEBUG reversi.Vezerlo - pontok kiszámítva.
21:55:41.414 [main] DEBUG reversi.Vezerlo - jatekos metódus meghívva.
21:55:41.415 [main] DEBUG reversi.Vezerlo - Játékosok pontjai, aktuális játékos kiírva.
21:55:41.415 [main] DEBUG reversi.Vezerlo - Lehetséges lépések kiírva.
